Using pre-set license
Built from '2020.3/staging' branch; Version is '2020.3.19f1 (68f137dc9bbe) revision 6877495'; Using compiler version '192528614'; Build Type 'Release'
OS: 'Windows 10 Home; OS build 19043.1288; Version 2009; 64bit' Language: 'en' Physical Memory: 16278 MB
BatchMode: 1, IsHumanControllingUs: 0, StartBugReporterOnCrash: 0, Is64bit: 1, IsPro: 0

COMMAND LINE ARGUMENTS:
C:\Program Files\Unity\Hub\Editor\2020.3.19f1\Editor\Unity.exe
-adb2
-batchMode
-noUpm
-name
AssetImportWorker0
-projectPath
C:/Users/16692/Downloads/UCLA_Tech Seminar GitHub/22ndOctober
-logFile
Logs/AssetImportWorker0.log
-srvPort
60479
Successfully changed project path to: C:/Users/16692/Downloads/UCLA_Tech Seminar GitHub/22ndOctober
C:/Users/16692/Downloads/UCLA_Tech Seminar GitHub/22ndOctober
Using Asset Import Pipeline V2.
Refreshing native plugins compatible for Editor in 69.55 ms, found 5 plugins.
Preloading 0 native plugins for Editor in 0.00 ms.
Initialize engine version: 2020.3.19f1 (68f137dc9bbe)
[Subsystems] Discovering subsystems at path C:/Program Files/Unity/Hub/Editor/2020.3.19f1/Editor/Data/Resources/UnitySubsystems
[Subsystems] Discovering subsystems at path C:/Users/16692/Downloads/UCLA_Tech Seminar GitHub/22ndOctober/Assets
GfxDevice: creating device client; threaded=0
Direct3D:
    Version:  Direct3D 11.0 [level 11.1]
    Renderer: Radeon Pro 560X (ID=0x67ef)
    Vendor:   
    VRAM:     4040 MB
    Driver:   27.20.11036.1002
Initialize mono
Mono path[0] = 'C:/Program Files/Unity/Hub/Editor/2020.3.19f1/Editor/Data/Managed'
Mono path[1] = 'C:/Program Files/Unity/Hub/Editor/2020.3.19f1/Editor/Data/MonoBleedingEdge/lib/mono/unityjit'
Mono config path = 'C:/Program Files/Unity/Hub/Editor/2020.3.19f1/Editor/Data/MonoBleedingEdge/etc'
Using monoOptions --debugger-agent=transport=dt_socket,embedding=1,server=y,suspend=n,address=127.0.0.1:56796
Begin MonoManager ReloadAssembly
Registering precompiled unity dll's ...
Register platform support module: C:/Program Files/Unity/Hub/Editor/2020.3.19f1/Editor/Data/PlaybackEngines/WindowsStandaloneSupport/UnityEditor.WindowsStandalone.Extensions.dll
Registered in 0.003317 seconds.
Native extension for WindowsStandalone target not found
Refreshing native plugins compatible for Editor in 57.14 ms, found 5 plugins.
Preloading 0 native plugins for Editor in 0.00 ms.
Mono: successfully reloaded assembly
- Completed reload, in  3.398 seconds
Domain Reload Profiling:
	ReloadAssembly (3399ms)
		BeginReloadAssembly (60ms)
			ExecutionOrderSort (0ms)
			DisableScriptedObjects (0ms)
			BackupInstance (0ms)
			ReleaseScriptingObjects (0ms)
			CreateAndSetChildDomain (1ms)
		EndReloadAssembly (733ms)
			LoadAssemblies (56ms)
			RebuildTransferFunctionScriptingTraits (0ms)
			SetupTypeCache (285ms)
			ReleaseScriptCaches (0ms)
			RebuildScriptCaches (52ms)
			SetupLoadedEditorAssemblies (275ms)
				LogAssemblyErrors (0ms)
				InitializePlatformSupportModulesInManaged (7ms)
				SetLoadedEditorAssemblies (0ms)
				RefreshPlugins (57ms)
				BeforeProcessingInitializeOnLoad (28ms)
				ProcessInitializeOnLoadAttributes (136ms)
				ProcessInitializeOnLoadMethodAttributes (47ms)
				AfterProcessingInitializeOnLoad (0ms)
				EditorAssembliesLoaded (0ms)
			ExecutionOrderSort2 (0ms)
			AwakeInstancesAfterBackupRestoration (0ms)
Platform modules already initialized, skipping
Registering precompiled user dll's ...
Registered in 0.005762 seconds.
Begin MonoManager ReloadAssembly
Native extension for WindowsStandalone target not found
Refreshing native plugins compatible for Editor in 0.37 ms, found 5 plugins.
Preloading 0 native plugins for Editor in 0.00 ms.
Mono: successfully reloaded assembly
- Completed reload, in  1.327 seconds
Domain Reload Profiling:
	ReloadAssembly (1328ms)
		BeginReloadAssembly (264ms)
			ExecutionOrderSort (0ms)
			DisableScriptedObjects (8ms)
			BackupInstance (0ms)
			ReleaseScriptingObjects (0ms)
			CreateAndSetChildDomain (32ms)
		EndReloadAssembly (948ms)
			LoadAssemblies (154ms)
			RebuildTransferFunctionScriptingTraits (0ms)
			SetupTypeCache (303ms)
			ReleaseScriptCaches (0ms)
			RebuildScriptCaches (59ms)
			SetupLoadedEditorAssemblies (338ms)
				LogAssemblyErrors (0ms)
				InitializePlatformSupportModulesInManaged (6ms)
				SetLoadedEditorAssemblies (0ms)
				RefreshPlugins (0ms)
				BeforeProcessingInitializeOnLoad (99ms)
				ProcessInitializeOnLoadAttributes (219ms)
				ProcessInitializeOnLoadMethodAttributes (6ms)
				AfterProcessingInitializeOnLoad (8ms)
				EditorAssembliesLoaded (0ms)
			ExecutionOrderSort2 (0ms)
			AwakeInstancesAfterBackupRestoration (7ms)
Platform modules already initialized, skipping
========================================================================
Worker process is ready to serve import requests
Launched and connected shader compiler UnityShaderCompiler.exe after 0.08 seconds
Refreshing native plugins compatible for Editor in 0.59 ms, found 5 plugins.
Preloading 0 native plugins for Editor in 0.00 ms.
Unloading 1593 Unused Serialized files (Serialized files now loaded: 0)
System memory in use before: 84.4 MB.
System memory in use after: 84.5 MB.

Unloading 23 unused Assets to reduce memory usage. Loaded Objects now: 2037.
Total: 4.456200 ms (FindLiveObjects: 0.238900 ms CreateObjectMapping: 0.087300 ms MarkObjects: 3.973000 ms  DeleteObjects: 0.155700 ms)

AssetImportParameters requested are different than current active one (requested -> active):
  custom:framework-win-MediaFoundation: 216162199b28c13a410421893ffa2e32 -> 
  custom:video-decoder-ogg-theora: a1e56fd34408186e4bbccfd4996cb3dc -> 
  custom:container-muxer-webm: aa71ff27fc2769a1b78a27578f13a17b -> 
  custom:container-demuxer-webm: 4f35f7cbe854078d1ac9338744f61a02 -> 
  custom:container-demuxer-ogg: 62fdf1f143b41e24485cea50d1cbac27 -> 
  custom:video-encoder-webm-vp8: eb34c28f22e8b96e1ab97ce403110664 -> 
  custom:video-decoder-webm-vp8: 9c59270c3fd7afecdb556c50c9e8de78 -> 
  custom:audio-decoder-ogg-vorbis: bf7c407c2cedff20999df2af8eb42d56 -> 
  custom:audio-encoder-webm-vorbis: bf7c407c2cedff20999df2af8eb42d56 -> 
========================================================================
Received Import Request.
  path: Assets/Prefab/Body.prefab
  artifactKey: Guid(011c59e578562cb42ad0f85d30d0ec4c) Importer(815301076,1909f56bfc062723c751e8b465ee728b)
Start importing Assets/Prefab/Body.prefab using Guid(011c59e578562cb42ad0f85d30d0ec4c) Importer(815301076,1909f56bfc062723c751e8b465ee728b)  -> (artifact id: '6c844d0549fe24ae80941bac467fec86') in 0.206949 seconds 
  Import took 0.210922 seconds .

========================================================================
Received Import Request.
  Time since last request: 7.746891 seconds.
  path: Assets/Prefab/Body.prefab
  artifactKey: Guid(011c59e578562cb42ad0f85d30d0ec4c) Importer(815301076,1909f56bfc062723c751e8b465ee728b)
Start importing Assets/Prefab/Body.prefab using Guid(011c59e578562cb42ad0f85d30d0ec4c) Importer(815301076,1909f56bfc062723c751e8b465ee728b)  -> (artifact id: 'add88d0c826ac82b8c713e75e7d00408') in 0.014306 seconds 
  Import took 0.017197 seconds .

========================================================================
Received Import Request.
  Time since last request: 41.815013 seconds.
  path: Assets/Prefab/Body.prefab
  artifactKey: Guid(011c59e578562cb42ad0f85d30d0ec4c) Importer(815301076,1909f56bfc062723c751e8b465ee728b)
Start importing Assets/Prefab/Body.prefab using Guid(011c59e578562cb42ad0f85d30d0ec4c) Importer(815301076,1909f56bfc062723c751e8b465ee728b)  -> (artifact id: '5be0b1f606467507186088e70755d24a') in 0.012171 seconds 
  Import took 0.015049 seconds .

========================================================================
Received Import Request.
  Time since last request: 11.667959 seconds.
  path: Assets/Prefab/Body.prefab
  artifactKey: Guid(011c59e578562cb42ad0f85d30d0ec4c) Importer(815301076,1909f56bfc062723c751e8b465ee728b)
Start importing Assets/Prefab/Body.prefab using Guid(011c59e578562cb42ad0f85d30d0ec4c) Importer(815301076,1909f56bfc062723c751e8b465ee728b)  -> (artifact id: '5f4861083e28084ceecba19772aee266') in 0.012425 seconds 
  Import took 0.015392 seconds .

========================================================================
Received Import Request.
  Time since last request: 6.446463 seconds.
  path: Assets/Prefab/Body.prefab
  artifactKey: Guid(011c59e578562cb42ad0f85d30d0ec4c) Importer(815301076,1909f56bfc062723c751e8b465ee728b)
Start importing Assets/Prefab/Body.prefab using Guid(011c59e578562cb42ad0f85d30d0ec4c) Importer(815301076,1909f56bfc062723c751e8b465ee728b)  -> (artifact id: 'a50dabdc17706e3ee81c241492e81b78') in 0.012067 seconds 
  Import took 0.014457 seconds .

========================================================================
Received Import Request.
  Time since last request: 17.959242 seconds.
  path: Assets/Prefab/Body.prefab
  artifactKey: Guid(011c59e578562cb42ad0f85d30d0ec4c) Importer(815301076,1909f56bfc062723c751e8b465ee728b)
Start importing Assets/Prefab/Body.prefab using Guid(011c59e578562cb42ad0f85d30d0ec4c) Importer(815301076,1909f56bfc062723c751e8b465ee728b)  -> (artifact id: '1c6d30258f00863891111abb1cfcbe02') in 0.013074 seconds 
  Import took 0.015922 seconds .

========================================================================
Received Import Request.
  Time since last request: 7.472014 seconds.
  path: Assets/Prefab/Body.prefab
  artifactKey: Guid(011c59e578562cb42ad0f85d30d0ec4c) Importer(815301076,1909f56bfc062723c751e8b465ee728b)
Start importing Assets/Prefab/Body.prefab using Guid(011c59e578562cb42ad0f85d30d0ec4c) Importer(815301076,1909f56bfc062723c751e8b465ee728b)  -> (artifact id: 'f50b240b19ea4be69ffe8ec9c8e42ebb') in 0.011824 seconds 
  Import took 0.014307 seconds .

========================================================================
Received Import Request.
  Time since last request: 10.492515 seconds.
  path: Assets/Prefab/Body.prefab
  artifactKey: Guid(011c59e578562cb42ad0f85d30d0ec4c) Importer(815301076,1909f56bfc062723c751e8b465ee728b)
Start importing Assets/Prefab/Body.prefab using Guid(011c59e578562cb42ad0f85d30d0ec4c) Importer(815301076,1909f56bfc062723c751e8b465ee728b)  -> (artifact id: 'd8c517d576e4c6b9152a81a41be0badd') in 0.010254 seconds 
  Import took 0.012756 seconds .

========================================================================
Received Import Request.
  Time since last request: 2.008825 seconds.
  path: Assets/Prefab/Body.prefab
  artifactKey: Guid(011c59e578562cb42ad0f85d30d0ec4c) Importer(815301076,1909f56bfc062723c751e8b465ee728b)
Start importing Assets/Prefab/Body.prefab using Guid(011c59e578562cb42ad0f85d30d0ec4c) Importer(815301076,1909f56bfc062723c751e8b465ee728b)  -> (artifact id: 'f2db7a35e085df2f9751a2cf8a208ef3') in 0.009169 seconds 
  Import took 0.012283 seconds .

========================================================================
Received Import Request.
  Time since last request: 3.845814 seconds.
  path: Assets/Prefab/Body.prefab
  artifactKey: Guid(011c59e578562cb42ad0f85d30d0ec4c) Importer(815301076,1909f56bfc062723c751e8b465ee728b)
Start importing Assets/Prefab/Body.prefab using Guid(011c59e578562cb42ad0f85d30d0ec4c) Importer(815301076,1909f56bfc062723c751e8b465ee728b)  -> (artifact id: '62991f9d24ad85940bdd36bae865c82d') in 0.019201 seconds 
  Import took 0.023083 seconds .

========================================================================
Received Import Request.
  Time since last request: 3.781303 seconds.
  path: Assets/Prefab/Body.prefab
  artifactKey: Guid(011c59e578562cb42ad0f85d30d0ec4c) Importer(815301076,1909f56bfc062723c751e8b465ee728b)
Start importing Assets/Prefab/Body.prefab using Guid(011c59e578562cb42ad0f85d30d0ec4c) Importer(815301076,1909f56bfc062723c751e8b465ee728b)  -> (artifact id: '344170dd288b5d16a30b568a937f9e7a') in 0.012140 seconds 
  Import took 0.014668 seconds .

========================================================================
Received Import Request.
  Time since last request: 1.623607 seconds.
  path: Assets/Prefab/Body.prefab
  artifactKey: Guid(011c59e578562cb42ad0f85d30d0ec4c) Importer(815301076,1909f56bfc062723c751e8b465ee728b)
Start importing Assets/Prefab/Body.prefab using Guid(011c59e578562cb42ad0f85d30d0ec4c) Importer(815301076,1909f56bfc062723c751e8b465ee728b)  -> (artifact id: 'd903b100fd2dbe7d8b7d65738455bc9a') in 0.017667 seconds 
  Import took 0.021557 seconds .

========================================================================
Received Import Request.
  Time since last request: 1.770653 seconds.
  path: Assets/Prefab/Body.prefab
  artifactKey: Guid(011c59e578562cb42ad0f85d30d0ec4c) Importer(815301076,1909f56bfc062723c751e8b465ee728b)
Start importing Assets/Prefab/Body.prefab using Guid(011c59e578562cb42ad0f85d30d0ec4c) Importer(815301076,1909f56bfc062723c751e8b465ee728b)  -> (artifact id: 'fa4311abf7a442d05cae29c3093745ba') in 0.012090 seconds 
  Import took 0.014803 seconds .

========================================================================
Received Import Request.
  Time since last request: 1.597263 seconds.
  path: Assets/Prefab/Body.prefab
  artifactKey: Guid(011c59e578562cb42ad0f85d30d0ec4c) Importer(815301076,1909f56bfc062723c751e8b465ee728b)
Start importing Assets/Prefab/Body.prefab using Guid(011c59e578562cb42ad0f85d30d0ec4c) Importer(815301076,1909f56bfc062723c751e8b465ee728b)  -> (artifact id: 'f8dcd673887e99c94e0e5e99ae3d83b3') in 0.013214 seconds 
  Import took 0.015666 seconds .

========================================================================
Received Import Request.
  Time since last request: 0.990943 seconds.
  path: Assets/Prefab/Body.prefab
  artifactKey: Guid(011c59e578562cb42ad0f85d30d0ec4c) Importer(815301076,1909f56bfc062723c751e8b465ee728b)
Start importing Assets/Prefab/Body.prefab using Guid(011c59e578562cb42ad0f85d30d0ec4c) Importer(815301076,1909f56bfc062723c751e8b465ee728b)  -> (artifact id: '47b5a3a97c881147b5c6d522fe569310') in 0.012954 seconds 
  Import took 0.015601 seconds .

========================================================================
Received Import Request.
  Time since last request: 5.262337 seconds.
  path: Assets/Prefab/Body.prefab
  artifactKey: Guid(011c59e578562cb42ad0f85d30d0ec4c) Importer(815301076,1909f56bfc062723c751e8b465ee728b)
Start importing Assets/Prefab/Body.prefab using Guid(011c59e578562cb42ad0f85d30d0ec4c) Importer(815301076,1909f56bfc062723c751e8b465ee728b)  -> (artifact id: '7682701cd03d4a02b70a970c19157630') in 0.017810 seconds 
  Import took 0.021661 seconds .

========================================================================
Received Import Request.
  Time since last request: 5.206843 seconds.
  path: Assets/Prefab/Body.prefab
  artifactKey: Guid(011c59e578562cb42ad0f85d30d0ec4c) Importer(815301076,1909f56bfc062723c751e8b465ee728b)
Start importing Assets/Prefab/Body.prefab using Guid(011c59e578562cb42ad0f85d30d0ec4c) Importer(815301076,1909f56bfc062723c751e8b465ee728b)  -> (artifact id: 'fa4395284d6b9db2ea80addb709b9581') in 0.011751 seconds 
  Import took 0.014319 seconds .

========================================================================
Received Import Request.
  Time since last request: 4.433459 seconds.
  path: Assets/Prefab/Body.prefab
  artifactKey: Guid(011c59e578562cb42ad0f85d30d0ec4c) Importer(815301076,1909f56bfc062723c751e8b465ee728b)
Start importing Assets/Prefab/Body.prefab using Guid(011c59e578562cb42ad0f85d30d0ec4c) Importer(815301076,1909f56bfc062723c751e8b465ee728b)  -> (artifact id: '0684611776131040987c58837472fa07') in 0.010936 seconds 
  Import took 0.013458 seconds .

========================================================================
Received Import Request.
  Time since last request: 7.883749 seconds.
  path: Assets/Prefab/Body.prefab
  artifactKey: Guid(011c59e578562cb42ad0f85d30d0ec4c) Importer(815301076,1909f56bfc062723c751e8b465ee728b)
Start importing Assets/Prefab/Body.prefab using Guid(011c59e578562cb42ad0f85d30d0ec4c) Importer(815301076,1909f56bfc062723c751e8b465ee728b)  -> (artifact id: 'dba357b831facd13c9ba402d5d70f90a') in 0.011307 seconds 
  Import took 0.014064 seconds .

========================================================================
Received Import Request.
  Time since last request: 5.073494 seconds.
  path: Assets/Prefab/Body.prefab
  artifactKey: Guid(011c59e578562cb42ad0f85d30d0ec4c) Importer(815301076,1909f56bfc062723c751e8b465ee728b)
Start importing Assets/Prefab/Body.prefab using Guid(011c59e578562cb42ad0f85d30d0ec4c) Importer(815301076,1909f56bfc062723c751e8b465ee728b)  -> (artifact id: 'fe72d51085d65aef9eeb8f3c337e54d1') in 0.022285 seconds 
  Import took 0.026121 seconds .

========================================================================
Received Import Request.
  Time since last request: 2.581201 seconds.
  path: Assets/Prefab/Body.prefab
  artifactKey: Guid(011c59e578562cb42ad0f85d30d0ec4c) Importer(815301076,1909f56bfc062723c751e8b465ee728b)
Start importing Assets/Prefab/Body.prefab using Guid(011c59e578562cb42ad0f85d30d0ec4c) Importer(815301076,1909f56bfc062723c751e8b465ee728b)  -> (artifact id: 'c2767a776879b65cf1d99aee435a4a87') in 0.011519 seconds 
  Import took 0.013999 seconds .

========================================================================
Received Import Request.
  Time since last request: 6.434507 seconds.
  path: Assets/Prefab/Body.prefab
  artifactKey: Guid(011c59e578562cb42ad0f85d30d0ec4c) Importer(815301076,1909f56bfc062723c751e8b465ee728b)
Start importing Assets/Prefab/Body.prefab using Guid(011c59e578562cb42ad0f85d30d0ec4c) Importer(815301076,1909f56bfc062723c751e8b465ee728b)  -> (artifact id: '1dd3af302cc0c831e05f0e4e6ef16704') in 0.009434 seconds 
  Import took 0.012462 seconds .

========================================================================
Received Import Request.
  Time since last request: 1.794267 seconds.
  path: Assets/Prefab/Body.prefab
  artifactKey: Guid(011c59e578562cb42ad0f85d30d0ec4c) Importer(815301076,1909f56bfc062723c751e8b465ee728b)
Start importing Assets/Prefab/Body.prefab using Guid(011c59e578562cb42ad0f85d30d0ec4c) Importer(815301076,1909f56bfc062723c751e8b465ee728b)  -> (artifact id: '1b9f560c0d9b7fa33ebe2398c9a1ebce') in 0.008574 seconds 
  Import took 0.011129 seconds .

========================================================================
Received Import Request.
  Time since last request: 2.175380 seconds.
  path: Assets/Prefab/Body.prefab
  artifactKey: Guid(011c59e578562cb42ad0f85d30d0ec4c) Importer(815301076,1909f56bfc062723c751e8b465ee728b)
Start importing Assets/Prefab/Body.prefab using Guid(011c59e578562cb42ad0f85d30d0ec4c) Importer(815301076,1909f56bfc062723c751e8b465ee728b)  -> (artifact id: 'c380a12ce50413527da0ec57c800b0ef') in 0.009418 seconds 
  Import took 0.011928 seconds .

========================================================================
Received Import Request.
  Time since last request: 4.060894 seconds.
  path: Assets/Prefab/Body.prefab
  artifactKey: Guid(011c59e578562cb42ad0f85d30d0ec4c) Importer(815301076,1909f56bfc062723c751e8b465ee728b)
Start importing Assets/Prefab/Body.prefab using Guid(011c59e578562cb42ad0f85d30d0ec4c) Importer(815301076,1909f56bfc062723c751e8b465ee728b)  -> (artifact id: 'c73fc0e337565b28123808d278521b30') in 0.010639 seconds 
  Import took 0.013804 seconds .

========================================================================
Received Import Request.
  Time since last request: 3.827284 seconds.
  path: Assets/Prefab/Body.prefab
  artifactKey: Guid(011c59e578562cb42ad0f85d30d0ec4c) Importer(815301076,1909f56bfc062723c751e8b465ee728b)
Start importing Assets/Prefab/Body.prefab using Guid(011c59e578562cb42ad0f85d30d0ec4c) Importer(815301076,1909f56bfc062723c751e8b465ee728b)  -> (artifact id: 'dd52d663ef6e6af8e2f880b98290c14f') in 0.011042 seconds 
  Import took 0.013448 seconds .

========================================================================
Received Import Request.
  Time since last request: 3.015762 seconds.
  path: Assets/Prefab/Body.prefab
  artifactKey: Guid(011c59e578562cb42ad0f85d30d0ec4c) Importer(815301076,1909f56bfc062723c751e8b465ee728b)
Start importing Assets/Prefab/Body.prefab using Guid(011c59e578562cb42ad0f85d30d0ec4c) Importer(815301076,1909f56bfc062723c751e8b465ee728b)  -> (artifact id: '86d7263c26894dfd4ab7459afb84bf78') in 0.008553 seconds 
  Import took 0.011200 seconds .

========================================================================
Received Import Request.
  Time since last request: 4.848024 seconds.
  path: Assets/Prefab/Body.prefab
  artifactKey: Guid(011c59e578562cb42ad0f85d30d0ec4c) Importer(815301076,1909f56bfc062723c751e8b465ee728b)
Start importing Assets/Prefab/Body.prefab using Guid(011c59e578562cb42ad0f85d30d0ec4c) Importer(815301076,1909f56bfc062723c751e8b465ee728b)  -> (artifact id: '26d264b59866a153e3d60f0a201cd0ef') in 0.009457 seconds 
  Import took 0.012032 seconds .

========================================================================
Received Import Request.
  Time since last request: 5.774278 seconds.
  path: Assets/Prefab/Body.prefab
  artifactKey: Guid(011c59e578562cb42ad0f85d30d0ec4c) Importer(815301076,1909f56bfc062723c751e8b465ee728b)
Start importing Assets/Prefab/Body.prefab using Guid(011c59e578562cb42ad0f85d30d0ec4c) Importer(815301076,1909f56bfc062723c751e8b465ee728b)  -> (artifact id: '23e4859cb8444ac4f2f4ddf0192a8707') in 0.010818 seconds 
  Import took 0.013385 seconds .

========================================================================
Received Import Request.
  Time since last request: 21.577022 seconds.
  path: Assets/Prefab/Body.prefab
  artifactKey: Guid(011c59e578562cb42ad0f85d30d0ec4c) Importer(815301076,1909f56bfc062723c751e8b465ee728b)
Start importing Assets/Prefab/Body.prefab using Guid(011c59e578562cb42ad0f85d30d0ec4c) Importer(815301076,1909f56bfc062723c751e8b465ee728b)  -> (artifact id: 'fd8ab73387e3ece6e62f888a25eddc50') in 0.009477 seconds 
  Import took 0.012651 seconds .

========================================================================
Received Import Request.
  Time since last request: 2.403041 seconds.
  path: Assets/Prefab/Body.prefab
  artifactKey: Guid(011c59e578562cb42ad0f85d30d0ec4c) Importer(815301076,1909f56bfc062723c751e8b465ee728b)
Start importing Assets/Prefab/Body.prefab using Guid(011c59e578562cb42ad0f85d30d0ec4c) Importer(815301076,1909f56bfc062723c751e8b465ee728b)  -> (artifact id: '6b206ced8e5706cb79149e361824b3a1') in 0.009447 seconds 
  Import took 0.012368 seconds .

========================================================================
Received Import Request.
  Time since last request: 5.662816 seconds.
  path: Assets/Prefab/Body.prefab
  artifactKey: Guid(011c59e578562cb42ad0f85d30d0ec4c) Importer(815301076,1909f56bfc062723c751e8b465ee728b)
Start importing Assets/Prefab/Body.prefab using Guid(011c59e578562cb42ad0f85d30d0ec4c) Importer(815301076,1909f56bfc062723c751e8b465ee728b)  -> (artifact id: '7e733d7aef55c59ea7e4eacb5d7a6934') in 0.011241 seconds 
  Import took 0.013684 seconds .

========================================================================
Received Import Request.
  Time since last request: 3.465311 seconds.
  path: Assets/Prefab/Body.prefab
  artifactKey: Guid(011c59e578562cb42ad0f85d30d0ec4c) Importer(815301076,1909f56bfc062723c751e8b465ee728b)
Start importing Assets/Prefab/Body.prefab using Guid(011c59e578562cb42ad0f85d30d0ec4c) Importer(815301076,1909f56bfc062723c751e8b465ee728b)  -> (artifact id: '7b15ae50ad0b97a671ab0b66818ae377') in 0.012230 seconds 
  Import took 0.016025 seconds .

========================================================================
Received Import Request.
  Time since last request: 3.030257 seconds.
  path: Assets/Prefab/Body.prefab
  artifactKey: Guid(011c59e578562cb42ad0f85d30d0ec4c) Importer(815301076,1909f56bfc062723c751e8b465ee728b)
Start importing Assets/Prefab/Body.prefab using Guid(011c59e578562cb42ad0f85d30d0ec4c) Importer(815301076,1909f56bfc062723c751e8b465ee728b)  -> (artifact id: '075d4f80d7f0d28285ff2480a514e0a1') in 0.009301 seconds 
  Import took 0.011823 seconds .

========================================================================
Received Import Request.
  Time since last request: 3.133321 seconds.
  path: Assets/Prefab/Body.prefab
  artifactKey: Guid(011c59e578562cb42ad0f85d30d0ec4c) Importer(815301076,1909f56bfc062723c751e8b465ee728b)
Start importing Assets/Prefab/Body.prefab using Guid(011c59e578562cb42ad0f85d30d0ec4c) Importer(815301076,1909f56bfc062723c751e8b465ee728b)  -> (artifact id: '87f59df1cbe965ba77119d40add2a7a1') in 0.008918 seconds 
  Import took 0.011483 seconds .

========================================================================
Received Import Request.
  Time since last request: 2.694766 seconds.
  path: Assets/Prefab/Body.prefab
  artifactKey: Guid(011c59e578562cb42ad0f85d30d0ec4c) Importer(815301076,1909f56bfc062723c751e8b465ee728b)
Start importing Assets/Prefab/Body.prefab using Guid(011c59e578562cb42ad0f85d30d0ec4c) Importer(815301076,1909f56bfc062723c751e8b465ee728b)  -> (artifact id: '83de91dcbc32ed5f55ee21b2381218ef') in 0.010911 seconds 
  Import took 0.013954 seconds .

========================================================================
Received Import Request.
  Time since last request: 19.368190 seconds.
  path: Assets/Prefab/TwisterF.prefab
  artifactKey: Guid(a2648d51b4adbc4459385044694623df) Importer(815301076,1909f56bfc062723c751e8b465ee728b)
Start importing Assets/Prefab/TwisterF.prefab using Guid(a2648d51b4adbc4459385044694623df) Importer(815301076,1909f56bfc062723c751e8b465ee728b)  -> (artifact id: 'b041e0b65d8a62b9fe8cf78fe283b429') in 0.014403 seconds 
  Import took 0.017329 seconds .

========================================================================
Received Prepare
Registering precompiled user dll's ...
Registered in 0.003165 seconds.
Begin MonoManager ReloadAssembly
Native extension for WindowsStandalone target not found
Refreshing native plugins compatible for Editor in 0.56 ms, found 5 plugins.
Preloading 0 native plugins for Editor in 0.00 ms.
Mono: successfully reloaded assembly
- Completed reload, in  1.672 seconds
Domain Reload Profiling:
	ReloadAssembly (1672ms)
		BeginReloadAssembly (124ms)
			ExecutionOrderSort (0ms)
			DisableScriptedObjects (4ms)
			BackupInstance (0ms)
			ReleaseScriptingObjects (0ms)
			CreateAndSetChildDomain (38ms)
		EndReloadAssembly (1461ms)
			LoadAssemblies (120ms)
			RebuildTransferFunctionScriptingTraits (0ms)
			SetupTypeCache (441ms)
			ReleaseScriptCaches (1ms)
			RebuildScriptCaches (68ms)
			SetupLoadedEditorAssemblies (645ms)
				LogAssemblyErrors (0ms)
				InitializePlatformSupportModulesInManaged (8ms)
				SetLoadedEditorAssemblies (1ms)
				RefreshPlugins (1ms)
				BeforeProcessingInitializeOnLoad (119ms)
				ProcessInitializeOnLoadAttributes (497ms)
				ProcessInitializeOnLoadMethodAttributes (7ms)
				AfterProcessingInitializeOnLoad (12ms)
				EditorAssembliesLoaded (0ms)
			ExecutionOrderSort2 (0ms)
			AwakeInstancesAfterBackupRestoration (11ms)
Platform modules already initialized, skipping
Refreshing native plugins compatible for Editor in 0.53 ms, found 5 plugins.
Preloading 0 native plugins for Editor in 0.00 ms.
Unloading 1581 Unused Serialized files (Serialized files now loaded: 0)
System memory in use before: 86.8 MB.
System memory in use after: 87.0 MB.

Unloading 18 unused Assets to reduce memory usage. Loaded Objects now: 2048.
Total: 3.860500 ms (FindLiveObjects: 0.194000 ms CreateObjectMapping: 0.080300 ms MarkObjects: 3.561600 ms  DeleteObjects: 0.022900 ms)

AssetImportParameters requested are different than current active one (requested -> active):
  custom:framework-win-MediaFoundation: 216162199b28c13a410421893ffa2e32 -> 
  custom:video-decoder-ogg-theora: a1e56fd34408186e4bbccfd4996cb3dc -> 
  custom:container-muxer-webm: aa71ff27fc2769a1b78a27578f13a17b -> 
  custom:container-demuxer-webm: 4f35f7cbe854078d1ac9338744f61a02 -> 
  custom:container-demuxer-ogg: 62fdf1f143b41e24485cea50d1cbac27 -> 
  custom:video-encoder-webm-vp8: eb34c28f22e8b96e1ab97ce403110664 -> 
  custom:video-decoder-webm-vp8: 9c59270c3fd7afecdb556c50c9e8de78 -> 
  custom:audio-decoder-ogg-vorbis: bf7c407c2cedff20999df2af8eb42d56 -> 
  custom:audio-encoder-webm-vorbis: bf7c407c2cedff20999df2af8eb42d56 -> 
========================================================================
Received Import Request.
  Time since last request: 64.004379 seconds.
  path: Assets/Prefab/Body.prefab
  artifactKey: Guid(011c59e578562cb42ad0f85d30d0ec4c) Importer(815301076,1909f56bfc062723c751e8b465ee728b)
Start importing Assets/Prefab/Body.prefab using Guid(011c59e578562cb42ad0f85d30d0ec4c) Importer(815301076,1909f56bfc062723c751e8b465ee728b)  -> (artifact id: '106f0940d696e3da199c7954b26e2352') in 0.080424 seconds 
  Import took 0.083473 seconds .

========================================================================
Received Prepare
Registering precompiled user dll's ...
Registered in 0.002722 seconds.
Begin MonoManager ReloadAssembly
Native extension for WindowsStandalone target not found
Refreshing native plugins compatible for Editor in 0.55 ms, found 5 plugins.
Preloading 0 native plugins for Editor in 0.00 ms.
Mono: successfully reloaded assembly
- Completed reload, in  1.290 seconds
Domain Reload Profiling:
	ReloadAssembly (1291ms)
		BeginReloadAssembly (91ms)
			ExecutionOrderSort (0ms)
			DisableScriptedObjects (4ms)
			BackupInstance (0ms)
			ReleaseScriptingObjects (0ms)
			CreateAndSetChildDomain (27ms)
		EndReloadAssembly (1143ms)
			LoadAssemblies (76ms)
			RebuildTransferFunctionScriptingTraits (0ms)
			SetupTypeCache (330ms)
			ReleaseScriptCaches (1ms)
			RebuildScriptCaches (68ms)
			SetupLoadedEditorAssemblies (475ms)
				LogAssemblyErrors (0ms)
				InitializePlatformSupportModulesInManaged (9ms)
				SetLoadedEditorAssemblies (1ms)
				RefreshPlugins (1ms)
				BeforeProcessingInitializeOnLoad (123ms)
				ProcessInitializeOnLoadAttributes (324ms)
				ProcessInitializeOnLoadMethodAttributes (7ms)
				AfterProcessingInitializeOnLoad (11ms)
				EditorAssembliesLoaded (0ms)
			ExecutionOrderSort2 (0ms)
			AwakeInstancesAfterBackupRestoration (11ms)
Platform modules already initialized, skipping
Refreshing native plugins compatible for Editor in 0.56 ms, found 5 plugins.
Preloading 0 native plugins for Editor in 0.00 ms.
Unloading 1581 Unused Serialized files (Serialized files now loaded: 0)
System memory in use before: 86.9 MB.
System memory in use after: 87.0 MB.

Unloading 18 unused Assets to reduce memory usage. Loaded Objects now: 2051.
Total: 3.903400 ms (FindLiveObjects: 0.213400 ms CreateObjectMapping: 0.095600 ms MarkObjects: 3.572100 ms  DeleteObjects: 0.021200 ms)

AssetImportParameters requested are different than current active one (requested -> active):
  custom:framework-win-MediaFoundation: 216162199b28c13a410421893ffa2e32 -> 
  custom:video-decoder-ogg-theora: a1e56fd34408186e4bbccfd4996cb3dc -> 
  custom:container-muxer-webm: aa71ff27fc2769a1b78a27578f13a17b -> 
  custom:container-demuxer-webm: 4f35f7cbe854078d1ac9338744f61a02 -> 
  custom:container-demuxer-ogg: 62fdf1f143b41e24485cea50d1cbac27 -> 
  custom:video-encoder-webm-vp8: eb34c28f22e8b96e1ab97ce403110664 -> 
  custom:video-decoder-webm-vp8: 9c59270c3fd7afecdb556c50c9e8de78 -> 
  custom:audio-decoder-ogg-vorbis: bf7c407c2cedff20999df2af8eb42d56 -> 
  custom:audio-encoder-webm-vorbis: bf7c407c2cedff20999df2af8eb42d56 -> 
========================================================================
Received Import Request.
  Time since last request: 41.043889 seconds.
  path: Assets/Prefab/Body.prefab
  artifactKey: Guid(011c59e578562cb42ad0f85d30d0ec4c) Importer(815301076,1909f56bfc062723c751e8b465ee728b)
Start importing Assets/Prefab/Body.prefab using Guid(011c59e578562cb42ad0f85d30d0ec4c) Importer(815301076,1909f56bfc062723c751e8b465ee728b)  -> (artifact id: 'db30d543398f584907bf27beef18381d') in 0.084233 seconds 
  Import took 0.088159 seconds .

========================================================================
Received Import Request.
  Time since last request: 74.300479 seconds.
  path: Assets/Prefab/Body.prefab
  artifactKey: Guid(011c59e578562cb42ad0f85d30d0ec4c) Importer(815301076,1909f56bfc062723c751e8b465ee728b)
Start importing Assets/Prefab/Body.prefab using Guid(011c59e578562cb42ad0f85d30d0ec4c) Importer(815301076,1909f56bfc062723c751e8b465ee728b)  -> (artifact id: 'fceb876747d36eaab7691e9249384995') in 0.015581 seconds 
  Import took 0.018039 seconds .

========================================================================
Received Import Request.
  Time since last request: 12.806940 seconds.
  path: Assets/Prefab/Body.prefab
  artifactKey: Guid(011c59e578562cb42ad0f85d30d0ec4c) Importer(815301076,1909f56bfc062723c751e8b465ee728b)
Start importing Assets/Prefab/Body.prefab using Guid(011c59e578562cb42ad0f85d30d0ec4c) Importer(815301076,1909f56bfc062723c751e8b465ee728b)  -> (artifact id: 'b277f1085be39574d0d7eb305541889a') in 0.009496 seconds 
  Import took 0.012307 seconds .

========================================================================
Received Import Request.
  Time since last request: 1.688430 seconds.
  path: Assets/Prefab/Body.prefab
  artifactKey: Guid(011c59e578562cb42ad0f85d30d0ec4c) Importer(815301076,1909f56bfc062723c751e8b465ee728b)
Start importing Assets/Prefab/Body.prefab using Guid(011c59e578562cb42ad0f85d30d0ec4c) Importer(815301076,1909f56bfc062723c751e8b465ee728b)  -> (artifact id: '3ab0c306733abfc858e39e174bf30e21') in 0.009976 seconds 
  Import took 0.012797 seconds .

========================================================================
Received Import Request.
  Time since last request: 1.918340 seconds.
  path: Assets/Prefab/Body.prefab
  artifactKey: Guid(011c59e578562cb42ad0f85d30d0ec4c) Importer(815301076,1909f56bfc062723c751e8b465ee728b)
Start importing Assets/Prefab/Body.prefab using Guid(011c59e578562cb42ad0f85d30d0ec4c) Importer(815301076,1909f56bfc062723c751e8b465ee728b)  -> (artifact id: '64eda668e00cefa899dc95111c2a9de4') in 0.009647 seconds 
  Import took 0.012745 seconds .

========================================================================
Received Import Request.
  Time since last request: 4.476200 seconds.
  path: Assets/Prefab/Body.prefab
  artifactKey: Guid(011c59e578562cb42ad0f85d30d0ec4c) Importer(815301076,1909f56bfc062723c751e8b465ee728b)
Start importing Assets/Prefab/Body.prefab using Guid(011c59e578562cb42ad0f85d30d0ec4c) Importer(815301076,1909f56bfc062723c751e8b465ee728b)  -> (artifact id: '9b74fecabc48c1ab2efd2228c8810892') in 0.010399 seconds 
  Import took 0.013116 seconds .

========================================================================
Received Import Request.
  Time since last request: 14.248701 seconds.
  path: Assets/Prefab/Body.prefab
  artifactKey: Guid(011c59e578562cb42ad0f85d30d0ec4c) Importer(815301076,1909f56bfc062723c751e8b465ee728b)
Start importing Assets/Prefab/Body.prefab using Guid(011c59e578562cb42ad0f85d30d0ec4c) Importer(815301076,1909f56bfc062723c751e8b465ee728b)  -> (artifact id: 'e14cc26c19ccdeb5546657b8b8399e8a') in 0.009623 seconds 
  Import took 0.012146 seconds .

========================================================================
Received Prepare
Registering precompiled user dll's ...
Registered in 0.003460 seconds.
Begin MonoManager ReloadAssembly
Native extension for WindowsStandalone target not found
Refreshing native plugins compatible for Editor in 0.55 ms, found 5 plugins.
Preloading 0 native plugins for Editor in 0.00 ms.
Mono: successfully reloaded assembly
- Completed reload, in  1.459 seconds
Domain Reload Profiling:
	ReloadAssembly (1460ms)
		BeginReloadAssembly (163ms)
			ExecutionOrderSort (0ms)
			DisableScriptedObjects (7ms)
			BackupInstance (0ms)
			ReleaseScriptingObjects (0ms)
			CreateAndSetChildDomain (50ms)
		EndReloadAssembly (1189ms)
			LoadAssemblies (141ms)
			RebuildTransferFunctionScriptingTraits (0ms)
			SetupTypeCache (434ms)
			ReleaseScriptCaches (1ms)
			RebuildScriptCaches (64ms)
			SetupLoadedEditorAssemblies (411ms)
				LogAssemblyErrors (0ms)
				InitializePlatformSupportModulesInManaged (8ms)
				SetLoadedEditorAssemblies (1ms)
				RefreshPlugins (1ms)
				BeforeProcessingInitializeOnLoad (125ms)
				ProcessInitializeOnLoadAttributes (265ms)
				ProcessInitializeOnLoadMethodAttributes (5ms)
				AfterProcessingInitializeOnLoad (6ms)
				EditorAssembliesLoaded (0ms)
			ExecutionOrderSort2 (0ms)
			AwakeInstancesAfterBackupRestoration (7ms)
Platform modules already initialized, skipping
Refreshing native plugins compatible for Editor in 0.41 ms, found 5 plugins.
Preloading 0 native plugins for Editor in 0.00 ms.
Unloading 1581 Unused Serialized files (Serialized files now loaded: 0)
System memory in use before: 86.9 MB.
System memory in use after: 87.0 MB.

Unloading 18 unused Assets to reduce memory usage. Loaded Objects now: 2054.
Total: 3.491300 ms (FindLiveObjects: 0.190000 ms CreateObjectMapping: 0.094700 ms MarkObjects: 3.188600 ms  DeleteObjects: 0.016800 ms)

AssetImportParameters requested are different than current active one (requested -> active):
  custom:framework-win-MediaFoundation: 216162199b28c13a410421893ffa2e32 -> 
  custom:video-decoder-ogg-theora: a1e56fd34408186e4bbccfd4996cb3dc -> 
  custom:container-muxer-webm: aa71ff27fc2769a1b78a27578f13a17b -> 
  custom:container-demuxer-webm: 4f35f7cbe854078d1ac9338744f61a02 -> 
  custom:container-demuxer-ogg: 62fdf1f143b41e24485cea50d1cbac27 -> 
  custom:video-encoder-webm-vp8: eb34c28f22e8b96e1ab97ce403110664 -> 
  custom:video-decoder-webm-vp8: 9c59270c3fd7afecdb556c50c9e8de78 -> 
  custom:audio-decoder-ogg-vorbis: bf7c407c2cedff20999df2af8eb42d56 -> 
  custom:audio-encoder-webm-vorbis: bf7c407c2cedff20999df2af8eb42d56 -> 
========================================================================
Received Import Request.
  Time since last request: 149.677359 seconds.
  path: Assets/Prefab/BODY (1).prefab
  artifactKey: Guid(d1122830d137fbf49876525e301a2c87) Importer(815301076,1909f56bfc062723c751e8b465ee728b)
Start importing Assets/Prefab/BODY (1).prefab using Guid(d1122830d137fbf49876525e301a2c87) Importer(815301076,1909f56bfc062723c751e8b465ee728b)  -> (artifact id: 'ba3060e41ed755959b2cabe5129e29ef') in 0.060306 seconds 
  Import took 0.062920 seconds .

========================================================================
Received Import Request.
  Time since last request: 7.575454 seconds.
  path: Assets/Prefab/BODY (1).prefab
  artifactKey: Guid(d1122830d137fbf49876525e301a2c87) Importer(815301076,1909f56bfc062723c751e8b465ee728b)
Start importing Assets/Prefab/BODY (1).prefab using Guid(d1122830d137fbf49876525e301a2c87) Importer(815301076,1909f56bfc062723c751e8b465ee728b)  -> (artifact id: '8af2455a5e35008dac4d7f2ef82ff67d') in 0.009047 seconds 
  Import took 0.011742 seconds .

========================================================================
Received Import Request.
  Time since last request: 0.989194 seconds.
  path: Assets/Prefab/BODY (1).prefab
  artifactKey: Guid(d1122830d137fbf49876525e301a2c87) Importer(815301076,1909f56bfc062723c751e8b465ee728b)
Start importing Assets/Prefab/BODY (1).prefab using Guid(d1122830d137fbf49876525e301a2c87) Importer(815301076,1909f56bfc062723c751e8b465ee728b)  -> (artifact id: '9d412c4d6f53ad74c01804e735a20071') in 0.009092 seconds 
  Import took 0.011709 seconds .

========================================================================
Received Import Request.
  Time since last request: 0.796246 seconds.
  path: Assets/Prefab/BODY (1).prefab
  artifactKey: Guid(d1122830d137fbf49876525e301a2c87) Importer(815301076,1909f56bfc062723c751e8b465ee728b)
Start importing Assets/Prefab/BODY (1).prefab using Guid(d1122830d137fbf49876525e301a2c87) Importer(815301076,1909f56bfc062723c751e8b465ee728b)  -> (artifact id: 'f6d609d8d5cc8ccbf5683a8f2467c69a') in 0.009352 seconds 
  Import took 0.012112 seconds .

========================================================================
Received Import Request.
  Time since last request: 4.649616 seconds.
  path: Assets/Prefab/BODY (1).prefab
  artifactKey: Guid(d1122830d137fbf49876525e301a2c87) Importer(815301076,1909f56bfc062723c751e8b465ee728b)
Start importing Assets/Prefab/BODY (1).prefab using Guid(d1122830d137fbf49876525e301a2c87) Importer(815301076,1909f56bfc062723c751e8b465ee728b)  -> (artifact id: '34fec4ab6a9688085ac5cca250fba4f9') in 0.015148 seconds 
  Import took 0.019197 seconds .

========================================================================
Received Import Request.
  Time since last request: 0.993273 seconds.
  path: Assets/Prefab/BODY (1).prefab
  artifactKey: Guid(d1122830d137fbf49876525e301a2c87) Importer(815301076,1909f56bfc062723c751e8b465ee728b)
Start importing Assets/Prefab/BODY (1).prefab using Guid(d1122830d137fbf49876525e301a2c87) Importer(815301076,1909f56bfc062723c751e8b465ee728b)  -> (artifact id: '7efed3f72adefa1e72b8e2b81ffef5fd') in 0.014084 seconds 
  Import took 0.018172 seconds .

========================================================================
Received Import Request.
  Time since last request: 1.378676 seconds.
  path: Assets/Prefab/BODY (1).prefab
  artifactKey: Guid(d1122830d137fbf49876525e301a2c87) Importer(815301076,1909f56bfc062723c751e8b465ee728b)
Start importing Assets/Prefab/BODY (1).prefab using Guid(d1122830d137fbf49876525e301a2c87) Importer(815301076,1909f56bfc062723c751e8b465ee728b)  -> (artifact id: 'f96a72f24255057da577071de6c46b7e') in 0.010172 seconds 
  Import took 0.012923 seconds .

========================================================================
Received Import Request.
  Time since last request: 26.746831 seconds.
  path: Assets/Prefab/BODY (1).prefab
  artifactKey: Guid(d1122830d137fbf49876525e301a2c87) Importer(815301076,1909f56bfc062723c751e8b465ee728b)
Start importing Assets/Prefab/BODY (1).prefab using Guid(d1122830d137fbf49876525e301a2c87) Importer(815301076,1909f56bfc062723c751e8b465ee728b)  -> (artifact id: 'e8ec2bd445fd81bd6504e3a88c903e99') in 0.017972 seconds 
  Import took 0.022237 seconds .

========================================================================
Received Import Request.
  Time since last request: 62.040850 seconds.
  path: Assets/Prefab/BODY (1).prefab
  artifactKey: Guid(d1122830d137fbf49876525e301a2c87) Importer(815301076,1909f56bfc062723c751e8b465ee728b)
Start importing Assets/Prefab/BODY (1).prefab using Guid(d1122830d137fbf49876525e301a2c87) Importer(815301076,1909f56bfc062723c751e8b465ee728b)  -> (artifact id: '7a1f3a3283980f6c76cf226d95e22442') in 0.015875 seconds 
  Import took 0.018846 seconds .

========================================================================
Received Import Request.
  Time since last request: 10.722312 seconds.
  path: Assets/Prefab/BODY (1).prefab
  artifactKey: Guid(d1122830d137fbf49876525e301a2c87) Importer(815301076,1909f56bfc062723c751e8b465ee728b)
Start importing Assets/Prefab/BODY (1).prefab using Guid(d1122830d137fbf49876525e301a2c87) Importer(815301076,1909f56bfc062723c751e8b465ee728b)  -> (artifact id: '0acd2d37117f0ad29fc2adcf04907e24') in 0.009897 seconds 
  Import took 0.012702 seconds .

========================================================================
Received Import Request.
  Time since last request: 3.737595 seconds.
  path: Assets/Prefab/BODY (1).prefab
  artifactKey: Guid(d1122830d137fbf49876525e301a2c87) Importer(815301076,1909f56bfc062723c751e8b465ee728b)
Start importing Assets/Prefab/BODY (1).prefab using Guid(d1122830d137fbf49876525e301a2c87) Importer(815301076,1909f56bfc062723c751e8b465ee728b)  -> (artifact id: 'fffb357d28ecdb2895021997b313280c') in 0.009776 seconds 
  Import took 0.012434 seconds .

========================================================================
Received Import Request.
  Time since last request: 4.225360 seconds.
  path: Assets/Prefab/BODY (1).prefab
  artifactKey: Guid(d1122830d137fbf49876525e301a2c87) Importer(815301076,1909f56bfc062723c751e8b465ee728b)
Start importing Assets/Prefab/BODY (1).prefab using Guid(d1122830d137fbf49876525e301a2c87) Importer(815301076,1909f56bfc062723c751e8b465ee728b)  -> (artifact id: 'ff4aac55a4cf4a98c973514b58e6b0b0') in 0.012392 seconds 
  Import took 0.015134 seconds .

========================================================================
Received Import Request.
  Time since last request: 15.425542 seconds.
  path: Assets/Prefab/BODY (1).prefab
  artifactKey: Guid(d1122830d137fbf49876525e301a2c87) Importer(815301076,1909f56bfc062723c751e8b465ee728b)
Start importing Assets/Prefab/BODY (1).prefab using Guid(d1122830d137fbf49876525e301a2c87) Importer(815301076,1909f56bfc062723c751e8b465ee728b)  -> (artifact id: 'bcca9aea0cdeafeecd213f84483dbfa4') in 0.010692 seconds 
  Import took 0.013642 seconds .

========================================================================
Received Import Request.
  Time since last request: 1.435470 seconds.
  path: Assets/Prefab/BODY (1).prefab
  artifactKey: Guid(d1122830d137fbf49876525e301a2c87) Importer(815301076,1909f56bfc062723c751e8b465ee728b)
Start importing Assets/Prefab/BODY (1).prefab using Guid(d1122830d137fbf49876525e301a2c87) Importer(815301076,1909f56bfc062723c751e8b465ee728b)  -> (artifact id: 'f1080be8698af1973773fdff02eb884a') in 0.009235 seconds 
  Import took 0.012160 seconds .

========================================================================
Received Import Request.
  Time since last request: 8.372337 seconds.
  path: Assets/Prefab/BODY (1).prefab
  artifactKey: Guid(d1122830d137fbf49876525e301a2c87) Importer(815301076,1909f56bfc062723c751e8b465ee728b)
Start importing Assets/Prefab/BODY (1).prefab using Guid(d1122830d137fbf49876525e301a2c87) Importer(815301076,1909f56bfc062723c751e8b465ee728b)  -> (artifact id: 'cb56c177b6154ac69d8652e43e872413') in 0.013063 seconds 
  Import took 0.016243 seconds .

========================================================================
Received Import Request.
  Time since last request: 1.594385 seconds.
  path: Assets/Prefab/BODY (1).prefab
  artifactKey: Guid(d1122830d137fbf49876525e301a2c87) Importer(815301076,1909f56bfc062723c751e8b465ee728b)
Start importing Assets/Prefab/BODY (1).prefab using Guid(d1122830d137fbf49876525e301a2c87) Importer(815301076,1909f56bfc062723c751e8b465ee728b)  -> (artifact id: 'd89de509b1f763bbabff19f0c954dbeb') in 0.013164 seconds 
  Import took 0.017134 seconds .

========================================================================
Received Import Request.
  Time since last request: 1.822650 seconds.
  path: Assets/Prefab/BODY (1).prefab
  artifactKey: Guid(d1122830d137fbf49876525e301a2c87) Importer(815301076,1909f56bfc062723c751e8b465ee728b)
Start importing Assets/Prefab/BODY (1).prefab using Guid(d1122830d137fbf49876525e301a2c87) Importer(815301076,1909f56bfc062723c751e8b465ee728b)  -> (artifact id: 'a0b58cc6f1cbf5706e88a1b92ccdc106') in 0.009736 seconds 
  Import took 0.012709 seconds .

========================================================================
Received Import Request.
  Time since last request: 7.367733 seconds.
  path: Assets/Prefab/BODY (1).prefab
  artifactKey: Guid(d1122830d137fbf49876525e301a2c87) Importer(815301076,1909f56bfc062723c751e8b465ee728b)
Start importing Assets/Prefab/BODY (1).prefab using Guid(d1122830d137fbf49876525e301a2c87) Importer(815301076,1909f56bfc062723c751e8b465ee728b)  -> (artifact id: '82a6221a5baf7a0332a732a5f8e64dbf') in 0.009610 seconds 
  Import took 0.012480 seconds .

========================================================================
Received Import Request.
  Time since last request: 3.502964 seconds.
  path: Assets/Prefab/BODY (1).prefab
  artifactKey: Guid(d1122830d137fbf49876525e301a2c87) Importer(815301076,1909f56bfc062723c751e8b465ee728b)
Start importing Assets/Prefab/BODY (1).prefab using Guid(d1122830d137fbf49876525e301a2c87) Importer(815301076,1909f56bfc062723c751e8b465ee728b)  -> (artifact id: 'b50423267f77dd5df9301f876306ec60') in 0.012536 seconds 
  Import took 0.016538 seconds .

========================================================================
Received Import Request.
  Time since last request: 27.126265 seconds.
  path: Assets/Prefab/TwisterF.prefab
  artifactKey: Guid(a2648d51b4adbc4459385044694623df) Importer(815301076,1909f56bfc062723c751e8b465ee728b)
Start importing Assets/Prefab/TwisterF.prefab using Guid(a2648d51b4adbc4459385044694623df) Importer(815301076,1909f56bfc062723c751e8b465ee728b)  -> (artifact id: 'f453455ad5f0e6e94bc23688979b94ae') in 0.011697 seconds 
  Import took 0.015103 seconds .

========================================================================
Received Prepare
Registering precompiled user dll's ...
Registered in 0.003764 seconds.
Begin MonoManager ReloadAssembly
Native extension for WindowsStandalone target not found
Refreshing native plugins compatible for Editor in 0.49 ms, found 5 plugins.
Preloading 0 native plugins for Editor in 0.00 ms.
Mono: successfully reloaded assembly
- Completed reload, in  1.287 seconds
Domain Reload Profiling:
	ReloadAssembly (1288ms)
		BeginReloadAssembly (154ms)
			ExecutionOrderSort (0ms)
			DisableScriptedObjects (7ms)
			BackupInstance (0ms)
			ReleaseScriptingObjects (0ms)
			CreateAndSetChildDomain (47ms)
		EndReloadAssembly (1030ms)
			LoadAssemblies (137ms)
			RebuildTransferFunctionScriptingTraits (0ms)
			SetupTypeCache (431ms)
			ReleaseScriptCaches (1ms)
			RebuildScriptCaches (64ms)
			SetupLoadedEditorAssemblies (267ms)
				LogAssemblyErrors (0ms)
				InitializePlatformSupportModulesInManaged (5ms)
				SetLoadedEditorAssemblies (0ms)
				RefreshPlugins (1ms)
				BeforeProcessingInitializeOnLoad (66ms)
				ProcessInitializeOnLoadAttributes (185ms)
				ProcessInitializeOnLoadMethodAttributes (4ms)
				AfterProcessingInitializeOnLoad (6ms)
				EditorAssembliesLoaded (0ms)
			ExecutionOrderSort2 (0ms)
			AwakeInstancesAfterBackupRestoration (7ms)
Platform modules already initialized, skipping
Refreshing native plugins compatible for Editor in 0.36 ms, found 5 plugins.
Preloading 0 native plugins for Editor in 0.00 ms.
Unloading 1581 Unused Serialized files (Serialized files now loaded: 0)
System memory in use before: 86.9 MB.
System memory in use after: 87.0 MB.

Unloading 18 unused Assets to reduce memory usage. Loaded Objects now: 2057.
Total: 2.447800 ms (FindLiveObjects: 0.130900 ms CreateObjectMapping: 0.042700 ms MarkObjects: 2.259600 ms  DeleteObjects: 0.014000 ms)

AssetImportParameters requested are different than current active one (requested -> active):
  custom:framework-win-MediaFoundation: 216162199b28c13a410421893ffa2e32 -> 
  custom:video-decoder-ogg-theora: a1e56fd34408186e4bbccfd4996cb3dc -> 
  custom:container-muxer-webm: aa71ff27fc2769a1b78a27578f13a17b -> 
  custom:container-demuxer-webm: 4f35f7cbe854078d1ac9338744f61a02 -> 
  custom:container-demuxer-ogg: 62fdf1f143b41e24485cea50d1cbac27 -> 
  custom:video-encoder-webm-vp8: eb34c28f22e8b96e1ab97ce403110664 -> 
  custom:video-decoder-webm-vp8: 9c59270c3fd7afecdb556c50c9e8de78 -> 
  custom:audio-decoder-ogg-vorbis: bf7c407c2cedff20999df2af8eb42d56 -> 
  custom:audio-encoder-webm-vorbis: bf7c407c2cedff20999df2af8eb42d56 -> 
========================================================================
Received Import Request.
  Time since last request: 60.140781 seconds.
  path: Assets/Prefab/BODY (1).prefab
  artifactKey: Guid(d1122830d137fbf49876525e301a2c87) Importer(815301076,1909f56bfc062723c751e8b465ee728b)
Start importing Assets/Prefab/BODY (1).prefab using Guid(d1122830d137fbf49876525e301a2c87) Importer(815301076,1909f56bfc062723c751e8b465ee728b)  -> (artifact id: '676f4013fc765bffca4288b9d7fd892a') in 0.052559 seconds 
  Import took 0.055080 seconds .

========================================================================
Received Import Request.
  Time since last request: 3.372957 seconds.
  path: Assets/Prefab/BODY (1).prefab
  artifactKey: Guid(d1122830d137fbf49876525e301a2c87) Importer(815301076,1909f56bfc062723c751e8b465ee728b)
Start importing Assets/Prefab/BODY (1).prefab using Guid(d1122830d137fbf49876525e301a2c87) Importer(815301076,1909f56bfc062723c751e8b465ee728b)  -> (artifact id: '21fd5c0347c252e6dfecdc6efd7c7f0f') in 0.009741 seconds 
  Import took 0.012464 seconds .

========================================================================
Received Import Request.
  Time since last request: 8.870922 seconds.
  path: Assets/Prefab/BODY (1).prefab
  artifactKey: Guid(d1122830d137fbf49876525e301a2c87) Importer(815301076,1909f56bfc062723c751e8b465ee728b)
Start importing Assets/Prefab/BODY (1).prefab using Guid(d1122830d137fbf49876525e301a2c87) Importer(815301076,1909f56bfc062723c751e8b465ee728b)  -> (artifact id: 'f0f4cffa43708f052364441d9f9ed9a9') in 0.009456 seconds 
  Import took 0.012182 seconds .

========================================================================
Received Prepare
Registering precompiled user dll's ...
Registered in 0.003803 seconds.
Begin MonoManager ReloadAssembly
Native extension for WindowsStandalone target not found
Refreshing native plugins compatible for Editor in 0.35 ms, found 5 plugins.
Preloading 0 native plugins for Editor in 0.00 ms.
Mono: successfully reloaded assembly
- Completed reload, in  0.864 seconds
Domain Reload Profiling:
	ReloadAssembly (864ms)
		BeginReloadAssembly (93ms)
			ExecutionOrderSort (0ms)
			DisableScriptedObjects (4ms)
			BackupInstance (0ms)
			ReleaseScriptingObjects (0ms)
			CreateAndSetChildDomain (28ms)
		EndReloadAssembly (713ms)
			LoadAssemblies (78ms)
			RebuildTransferFunctionScriptingTraits (0ms)
			SetupTypeCache (243ms)
			ReleaseScriptCaches (1ms)
			RebuildScriptCaches (36ms)
			SetupLoadedEditorAssemblies (268ms)
				LogAssemblyErrors (0ms)
				InitializePlatformSupportModulesInManaged (4ms)
				SetLoadedEditorAssemblies (0ms)
				RefreshPlugins (0ms)
				BeforeProcessingInitializeOnLoad (68ms)
				ProcessInitializeOnLoadAttributes (185ms)
				ProcessInitializeOnLoadMethodAttributes (4ms)
				AfterProcessingInitializeOnLoad (6ms)
				EditorAssembliesLoaded (0ms)
			ExecutionOrderSort2 (0ms)
			AwakeInstancesAfterBackupRestoration (6ms)
Platform modules already initialized, skipping
Refreshing native plugins compatible for Editor in 0.53 ms, found 5 plugins.
Preloading 0 native plugins for Editor in 0.00 ms.
Unloading 1581 Unused Serialized files (Serialized files now loaded: 0)
System memory in use before: 86.9 MB.
System memory in use after: 87.0 MB.

Unloading 18 unused Assets to reduce memory usage. Loaded Objects now: 2060.
Total: 4.199700 ms (FindLiveObjects: 0.224800 ms CreateObjectMapping: 0.077300 ms MarkObjects: 3.873200 ms  DeleteObjects: 0.023200 ms)

AssetImportParameters requested are different than current active one (requested -> active):
  custom:framework-win-MediaFoundation: 216162199b28c13a410421893ffa2e32 -> 
  custom:video-decoder-ogg-theora: a1e56fd34408186e4bbccfd4996cb3dc -> 
  custom:container-muxer-webm: aa71ff27fc2769a1b78a27578f13a17b -> 
  custom:container-demuxer-webm: 4f35f7cbe854078d1ac9338744f61a02 -> 
  custom:container-demuxer-ogg: 62fdf1f143b41e24485cea50d1cbac27 -> 
  custom:video-encoder-webm-vp8: eb34c28f22e8b96e1ab97ce403110664 -> 
  custom:video-decoder-webm-vp8: 9c59270c3fd7afecdb556c50c9e8de78 -> 
  custom:audio-decoder-ogg-vorbis: bf7c407c2cedff20999df2af8eb42d56 -> 
  custom:audio-encoder-webm-vorbis: bf7c407c2cedff20999df2af8eb42d56 -> 
========================================================================
Received Import Request.
  Time since last request: 44.518347 seconds.
  path: Assets/Prefab/BODY (1).prefab
  artifactKey: Guid(d1122830d137fbf49876525e301a2c87) Importer(815301076,1909f56bfc062723c751e8b465ee728b)
Start importing Assets/Prefab/BODY (1).prefab using Guid(d1122830d137fbf49876525e301a2c87) Importer(815301076,1909f56bfc062723c751e8b465ee728b)  -> (artifact id: 'abe7af1459f35f43919edc3fba8eb434') in 0.087395 seconds 
  Import took 0.091324 seconds .

========================================================================
Received Import Request.
  Time since last request: 2.841000 seconds.
  path: Assets/Prefab/BODY (1).prefab
  artifactKey: Guid(d1122830d137fbf49876525e301a2c87) Importer(815301076,1909f56bfc062723c751e8b465ee728b)
Start importing Assets/Prefab/BODY (1).prefab using Guid(d1122830d137fbf49876525e301a2c87) Importer(815301076,1909f56bfc062723c751e8b465ee728b)  -> (artifact id: '12b7da8be61fac60466a21a9947e7f57') in 0.009195 seconds 
  Import took 0.011873 seconds .

========================================================================
Received Prepare
Registering precompiled user dll's ...
Registered in 0.003571 seconds.
Begin MonoManager ReloadAssembly
Native extension for WindowsStandalone target not found
Refreshing native plugins compatible for Editor in 0.56 ms, found 5 plugins.
Preloading 0 native plugins for Editor in 0.00 ms.
Mono: successfully reloaded assembly
- Completed reload, in  1.562 seconds
Domain Reload Profiling:
	ReloadAssembly (1563ms)
		BeginReloadAssembly (123ms)
			ExecutionOrderSort (0ms)
			DisableScriptedObjects (6ms)
			BackupInstance (0ms)
			ReleaseScriptingObjects (0ms)
			CreateAndSetChildDomain (39ms)
		EndReloadAssembly (1365ms)
			LoadAssemblies (101ms)
			RebuildTransferFunctionScriptingTraits (0ms)
			SetupTypeCache (467ms)
			ReleaseScriptCaches (1ms)
			RebuildScriptCaches (73ms)
			SetupLoadedEditorAssemblies (526ms)
				LogAssemblyErrors (0ms)
				InitializePlatformSupportModulesInManaged (9ms)
				SetLoadedEditorAssemblies (1ms)
				RefreshPlugins (1ms)
				BeforeProcessingInitializeOnLoad (136ms)
				ProcessInitializeOnLoadAttributes (359ms)
				ProcessInitializeOnLoadMethodAttributes (8ms)
				AfterProcessingInitializeOnLoad (12ms)
				EditorAssembliesLoaded (0ms)
			ExecutionOrderSort2 (0ms)
			AwakeInstancesAfterBackupRestoration (13ms)
Platform modules already initialized, skipping
Refreshing native plugins compatible for Editor in 0.55 ms, found 5 plugins.
Preloading 0 native plugins for Editor in 0.00 ms.
Unloading 1581 Unused Serialized files (Serialized files now loaded: 0)
System memory in use before: 86.9 MB.
System memory in use after: 87.1 MB.

Unloading 18 unused Assets to reduce memory usage. Loaded Objects now: 2063.
Total: 4.262900 ms (FindLiveObjects: 0.301400 ms CreateObjectMapping: 0.099400 ms MarkObjects: 3.832200 ms  DeleteObjects: 0.028100 ms)

AssetImportParameters requested are different than current active one (requested -> active):
  custom:framework-win-MediaFoundation: 216162199b28c13a410421893ffa2e32 -> 
  custom:video-decoder-ogg-theora: a1e56fd34408186e4bbccfd4996cb3dc -> 
  custom:container-muxer-webm: aa71ff27fc2769a1b78a27578f13a17b -> 
  custom:container-demuxer-webm: 4f35f7cbe854078d1ac9338744f61a02 -> 
  custom:container-demuxer-ogg: 62fdf1f143b41e24485cea50d1cbac27 -> 
  custom:video-encoder-webm-vp8: eb34c28f22e8b96e1ab97ce403110664 -> 
  custom:video-decoder-webm-vp8: 9c59270c3fd7afecdb556c50c9e8de78 -> 
  custom:audio-decoder-ogg-vorbis: bf7c407c2cedff20999df2af8eb42d56 -> 
  custom:audio-encoder-webm-vorbis: bf7c407c2cedff20999df2af8eb42d56 -> 
========================================================================
Received Prepare
Registering precompiled user dll's ...
Registered in 0.002743 seconds.
Begin MonoManager ReloadAssembly
Native extension for WindowsStandalone target not found
Refreshing native plugins compatible for Editor in 0.36 ms, found 5 plugins.
Preloading 0 native plugins for Editor in 0.00 ms.
Mono: successfully reloaded assembly
- Completed reload, in  1.004 seconds
Domain Reload Profiling:
	ReloadAssembly (1005ms)
		BeginReloadAssembly (106ms)
			ExecutionOrderSort (0ms)
			DisableScriptedObjects (6ms)
			BackupInstance (0ms)
			ReleaseScriptingObjects (0ms)
			CreateAndSetChildDomain (27ms)
		EndReloadAssembly (843ms)
			LoadAssemblies (75ms)
			RebuildTransferFunctionScriptingTraits (0ms)
			SetupTypeCache (227ms)
			ReleaseScriptCaches (1ms)
			RebuildScriptCaches (34ms)
			SetupLoadedEditorAssemblies (406ms)
				LogAssemblyErrors (0ms)
				InitializePlatformSupportModulesInManaged (4ms)
				SetLoadedEditorAssemblies (0ms)
				RefreshPlugins (0ms)
				BeforeProcessingInitializeOnLoad (68ms)
				ProcessInitializeOnLoadAttributes (315ms)
				ProcessInitializeOnLoadMethodAttributes (7ms)
				AfterProcessingInitializeOnLoad (11ms)
				EditorAssembliesLoaded (0ms)
			ExecutionOrderSort2 (0ms)
			AwakeInstancesAfterBackupRestoration (11ms)
Platform modules already initialized, skipping
Refreshing native plugins compatible for Editor in 0.53 ms, found 5 plugins.
Preloading 0 native plugins for Editor in 0.00 ms.
Unloading 1581 Unused Serialized files (Serialized files now loaded: 0)
System memory in use before: 87.0 MB.
System memory in use after: 87.1 MB.

Unloading 18 unused Assets to reduce memory usage. Loaded Objects now: 2065.
Total: 4.039500 ms (FindLiveObjects: 0.211600 ms CreateObjectMapping: 0.080000 ms MarkObjects: 3.720800 ms  DeleteObjects: 0.025400 ms)

AssetImportParameters requested are different than current active one (requested -> active):
  custom:framework-win-MediaFoundation: 216162199b28c13a410421893ffa2e32 -> 
  custom:video-decoder-ogg-theora: a1e56fd34408186e4bbccfd4996cb3dc -> 
  custom:container-muxer-webm: aa71ff27fc2769a1b78a27578f13a17b -> 
  custom:container-demuxer-webm: 4f35f7cbe854078d1ac9338744f61a02 -> 
  custom:container-demuxer-ogg: 62fdf1f143b41e24485cea50d1cbac27 -> 
  custom:video-encoder-webm-vp8: eb34c28f22e8b96e1ab97ce403110664 -> 
  custom:video-decoder-webm-vp8: 9c59270c3fd7afecdb556c50c9e8de78 -> 
  custom:audio-decoder-ogg-vorbis: bf7c407c2cedff20999df2af8eb42d56 -> 
  custom:audio-encoder-webm-vorbis: bf7c407c2cedff20999df2af8eb42d56 -> 
========================================================================
Received Prepare
Registering precompiled user dll's ...
Registered in 0.002755 seconds.
Begin MonoManager ReloadAssembly
Native extension for WindowsStandalone target not found
Refreshing native plugins compatible for Editor in 0.35 ms, found 5 plugins.
Preloading 0 native plugins for Editor in 0.00 ms.
Mono: successfully reloaded assembly
- Completed reload, in  0.832 seconds
Domain Reload Profiling:
	ReloadAssembly (833ms)
		BeginReloadAssembly (98ms)
			ExecutionOrderSort (0ms)
			DisableScriptedObjects (4ms)
			BackupInstance (0ms)
			ReleaseScriptingObjects (0ms)
			CreateAndSetChildDomain (26ms)
		EndReloadAssembly (679ms)
			LoadAssemblies (74ms)
			RebuildTransferFunctionScriptingTraits (0ms)
			SetupTypeCache (240ms)
			ReleaseScriptCaches (1ms)
			RebuildScriptCaches (35ms)
			SetupLoadedEditorAssemblies (245ms)
				LogAssemblyErrors (0ms)
				InitializePlatformSupportModulesInManaged (4ms)
				SetLoadedEditorAssemblies (0ms)
				RefreshPlugins (0ms)
				BeforeProcessingInitializeOnLoad (66ms)
				ProcessInitializeOnLoadAttributes (164ms)
				ProcessInitializeOnLoadMethodAttributes (4ms)
				AfterProcessingInitializeOnLoad (6ms)
				EditorAssembliesLoaded (0ms)
			ExecutionOrderSort2 (0ms)
			AwakeInstancesAfterBackupRestoration (6ms)
Platform modules already initialized, skipping
Refreshing native plugins compatible for Editor in 0.37 ms, found 5 plugins.
Preloading 0 native plugins for Editor in 0.00 ms.
Unloading 1581 Unused Serialized files (Serialized files now loaded: 0)
System memory in use before: 87.0 MB.
System memory in use after: 87.1 MB.

Unloading 18 unused Assets to reduce memory usage. Loaded Objects now: 2067.
Total: 2.705800 ms (FindLiveObjects: 0.152800 ms CreateObjectMapping: 0.045500 ms MarkObjects: 2.492500 ms  DeleteObjects: 0.014200 ms)

AssetImportParameters requested are different than current active one (requested -> active):
  custom:framework-win-MediaFoundation: 216162199b28c13a410421893ffa2e32 -> 
  custom:video-decoder-ogg-theora: a1e56fd34408186e4bbccfd4996cb3dc -> 
  custom:container-muxer-webm: aa71ff27fc2769a1b78a27578f13a17b -> 
  custom:container-demuxer-webm: 4f35f7cbe854078d1ac9338744f61a02 -> 
  custom:container-demuxer-ogg: 62fdf1f143b41e24485cea50d1cbac27 -> 
  custom:video-encoder-webm-vp8: eb34c28f22e8b96e1ab97ce403110664 -> 
  custom:video-decoder-webm-vp8: 9c59270c3fd7afecdb556c50c9e8de78 -> 
  custom:audio-decoder-ogg-vorbis: bf7c407c2cedff20999df2af8eb42d56 -> 
  custom:audio-encoder-webm-vorbis: bf7c407c2cedff20999df2af8eb42d56 -> 
========================================================================
Received Import Request.
  Time since last request: 376.338122 seconds.
  path: Assets/Prefab/BODY (1).prefab
  artifactKey: Guid(d1122830d137fbf49876525e301a2c87) Importer(815301076,1909f56bfc062723c751e8b465ee728b)
Start importing Assets/Prefab/BODY (1).prefab using Guid(d1122830d137fbf49876525e301a2c87) Importer(815301076,1909f56bfc062723c751e8b465ee728b)  -> (artifact id: '4c605667b522e1890af8d5e34a022744') in 0.050869 seconds 
  Import took 0.054156 seconds .

========================================================================
Received Prepare
Registering precompiled user dll's ...
Registered in 0.003019 seconds.
Begin MonoManager ReloadAssembly
Native extension for WindowsStandalone target not found
Refreshing native plugins compatible for Editor in 0.40 ms, found 5 plugins.
Preloading 0 native plugins for Editor in 0.00 ms.
Mono: successfully reloaded assembly
- Completed reload, in  0.870 seconds
Domain Reload Profiling:
	ReloadAssembly (870ms)
		BeginReloadAssembly (88ms)
			ExecutionOrderSort (0ms)
			DisableScriptedObjects (4ms)
			BackupInstance (0ms)
			ReleaseScriptingObjects (0ms)
			CreateAndSetChildDomain (25ms)
		EndReloadAssembly (727ms)
			LoadAssemblies (75ms)
			RebuildTransferFunctionScriptingTraits (0ms)
			SetupTypeCache (224ms)
			ReleaseScriptCaches (1ms)
			RebuildScriptCaches (35ms)
			SetupLoadedEditorAssemblies (294ms)
				LogAssemblyErrors (0ms)
				InitializePlatformSupportModulesInManaged (4ms)
				SetLoadedEditorAssemblies (0ms)
				RefreshPlugins (0ms)
				BeforeProcessingInitializeOnLoad (67ms)
				ProcessInitializeOnLoadAttributes (204ms)
				ProcessInitializeOnLoadMethodAttributes (7ms)
				AfterProcessingInitializeOnLoad (11ms)
				EditorAssembliesLoaded (0ms)
			ExecutionOrderSort2 (0ms)
			AwakeInstancesAfterBackupRestoration (11ms)
Platform modules already initialized, skipping
Refreshing native plugins compatible for Editor in 0.54 ms, found 5 plugins.
Preloading 0 native plugins for Editor in 0.00 ms.
Unloading 1581 Unused Serialized files (Serialized files now loaded: 0)
System memory in use before: 87.0 MB.
System memory in use after: 87.1 MB.

Unloading 18 unused Assets to reduce memory usage. Loaded Objects now: 2070.
Total: 3.866500 ms (FindLiveObjects: 0.203800 ms CreateObjectMapping: 0.075400 ms MarkObjects: 3.562000 ms  DeleteObjects: 0.024000 ms)

AssetImportParameters requested are different than current active one (requested -> active):
  custom:framework-win-MediaFoundation: 216162199b28c13a410421893ffa2e32 -> 
  custom:video-decoder-ogg-theora: a1e56fd34408186e4bbccfd4996cb3dc -> 
  custom:container-muxer-webm: aa71ff27fc2769a1b78a27578f13a17b -> 
  custom:container-demuxer-webm: 4f35f7cbe854078d1ac9338744f61a02 -> 
  custom:container-demuxer-ogg: 62fdf1f143b41e24485cea50d1cbac27 -> 
  custom:video-encoder-webm-vp8: eb34c28f22e8b96e1ab97ce403110664 -> 
  custom:video-decoder-webm-vp8: 9c59270c3fd7afecdb556c50c9e8de78 -> 
  custom:audio-decoder-ogg-vorbis: bf7c407c2cedff20999df2af8eb42d56 -> 
  custom:audio-encoder-webm-vorbis: bf7c407c2cedff20999df2af8eb42d56 -> 
========================================================================
Received Import Request.
  Time since last request: 47.968467 seconds.
  path: Assets/Prefab/Head.prefab
  artifactKey: Guid(d94edf305aa99d740b16d68b2260b6c0) Importer(815301076,1909f56bfc062723c751e8b465ee728b)
Start importing Assets/Prefab/Head.prefab using Guid(d94edf305aa99d740b16d68b2260b6c0) Importer(815301076,1909f56bfc062723c751e8b465ee728b)  -> (artifact id: '069f6b5ed3c3f213e4567fcecb92d0c5') in 0.056118 seconds 
  Import took 0.058821 seconds .

========================================================================
Received Import Request.
  Time since last request: 7.214619 seconds.
  path: Assets/Prefab/Head.prefab
  artifactKey: Guid(d94edf305aa99d740b16d68b2260b6c0) Importer(815301076,1909f56bfc062723c751e8b465ee728b)
Start importing Assets/Prefab/Head.prefab using Guid(d94edf305aa99d740b16d68b2260b6c0) Importer(815301076,1909f56bfc062723c751e8b465ee728b)  -> (artifact id: '1d9ab62f063132d4eb0c51e68b16da3c') in 0.009636 seconds 
  Import took 0.012935 seconds .

========================================================================
Received Prepare
Registering precompiled user dll's ...
Registered in 0.005226 seconds.
Begin MonoManager ReloadAssembly
Native extension for WindowsStandalone target not found
Refreshing native plugins compatible for Editor in 0.35 ms, found 5 plugins.
Preloading 0 native plugins for Editor in 0.00 ms.
Mono: successfully reloaded assembly
- Completed reload, in  1.157 seconds
Domain Reload Profiling:
	ReloadAssembly (1158ms)
		BeginReloadAssembly (151ms)
			ExecutionOrderSort (0ms)
			DisableScriptedObjects (7ms)
			BackupInstance (0ms)
			ReleaseScriptingObjects (0ms)
			CreateAndSetChildDomain (44ms)
		EndReloadAssembly (904ms)
			LoadAssemblies (136ms)
			RebuildTransferFunctionScriptingTraits (0ms)
			SetupTypeCache (414ms)
			ReleaseScriptCaches (1ms)
			RebuildScriptCaches (35ms)
			SetupLoadedEditorAssemblies (257ms)
				LogAssemblyErrors (0ms)
				InitializePlatformSupportModulesInManaged (4ms)
				SetLoadedEditorAssemblies (0ms)
				RefreshPlugins (0ms)
				BeforeProcessingInitializeOnLoad (65ms)
				ProcessInitializeOnLoadAttributes (177ms)
				ProcessInitializeOnLoadMethodAttributes (4ms)
				AfterProcessingInitializeOnLoad (6ms)
				EditorAssembliesLoaded (0ms)
			ExecutionOrderSort2 (0ms)
			AwakeInstancesAfterBackupRestoration (6ms)
Platform modules already initialized, skipping
Refreshing native plugins compatible for Editor in 0.37 ms, found 5 plugins.
Preloading 0 native plugins for Editor in 0.00 ms.
Unloading 1581 Unused Serialized files (Serialized files now loaded: 0)
System memory in use before: 87.0 MB.
System memory in use after: 87.1 MB.

Unloading 18 unused Assets to reduce memory usage. Loaded Objects now: 2073.
Total: 2.353900 ms (FindLiveObjects: 0.127400 ms CreateObjectMapping: 0.043000 ms MarkObjects: 2.170300 ms  DeleteObjects: 0.012400 ms)

AssetImportParameters requested are different than current active one (requested -> active):
  custom:framework-win-MediaFoundation: 216162199b28c13a410421893ffa2e32 -> 
  custom:video-decoder-ogg-theora: a1e56fd34408186e4bbccfd4996cb3dc -> 
  custom:container-muxer-webm: aa71ff27fc2769a1b78a27578f13a17b -> 
  custom:container-demuxer-webm: 4f35f7cbe854078d1ac9338744f61a02 -> 
  custom:container-demuxer-ogg: 62fdf1f143b41e24485cea50d1cbac27 -> 
  custom:video-encoder-webm-vp8: eb34c28f22e8b96e1ab97ce403110664 -> 
  custom:video-decoder-webm-vp8: 9c59270c3fd7afecdb556c50c9e8de78 -> 
  custom:audio-decoder-ogg-vorbis: bf7c407c2cedff20999df2af8eb42d56 -> 
  custom:audio-encoder-webm-vorbis: bf7c407c2cedff20999df2af8eb42d56 -> 
========================================================================
Received Import Request.
  Time since last request: 53.824658 seconds.
  path: Assets/Prefab/Head.prefab
  artifactKey: Guid(d94edf305aa99d740b16d68b2260b6c0) Importer(815301076,1909f56bfc062723c751e8b465ee728b)
Start importing Assets/Prefab/Head.prefab using Guid(d94edf305aa99d740b16d68b2260b6c0) Importer(815301076,1909f56bfc062723c751e8b465ee728b)  -> (artifact id: '8156f1324fb5242cdc95abc4d4e27496') in 0.049641 seconds 
  Import took 0.051963 seconds .

========================================================================
Received Import Request.
  Time since last request: 8.867611 seconds.
  path: Assets/Prefab/BODY (1).prefab
  artifactKey: Guid(d1122830d137fbf49876525e301a2c87) Importer(815301076,1909f56bfc062723c751e8b465ee728b)
Start importing Assets/Prefab/BODY (1).prefab using Guid(d1122830d137fbf49876525e301a2c87) Importer(815301076,1909f56bfc062723c751e8b465ee728b)  -> (artifact id: '8b41ff125c1c81d41f901513af30e8a9') in 0.012032 seconds 
  Import took 0.014560 seconds .

========================================================================
Received Import Request.
  Time since last request: 1.460635 seconds.
  path: Assets/Prefab/BODY (1).prefab
  artifactKey: Guid(d1122830d137fbf49876525e301a2c87) Importer(815301076,1909f56bfc062723c751e8b465ee728b)
Start importing Assets/Prefab/BODY (1).prefab using Guid(d1122830d137fbf49876525e301a2c87) Importer(815301076,1909f56bfc062723c751e8b465ee728b)  -> (artifact id: '0edefe57684268b436f44d3cca8cc20b') in 0.009549 seconds 
  Import took 0.012409 seconds .

========================================================================
Received Import Request.
  Time since last request: 3.618889 seconds.
  path: Assets/Prefab/BODY (1).prefab
  artifactKey: Guid(d1122830d137fbf49876525e301a2c87) Importer(815301076,1909f56bfc062723c751e8b465ee728b)
Start importing Assets/Prefab/BODY (1).prefab using Guid(d1122830d137fbf49876525e301a2c87) Importer(815301076,1909f56bfc062723c751e8b465ee728b)  -> (artifact id: 'd016a412117643903008cf5c2c8f1fa4') in 0.013182 seconds 
  Import took 0.015790 seconds .

========================================================================
Received Import Request.
  Time since last request: 0.804481 seconds.
  path: Assets/Prefab/BODY (1).prefab
  artifactKey: Guid(d1122830d137fbf49876525e301a2c87) Importer(815301076,1909f56bfc062723c751e8b465ee728b)
Start importing Assets/Prefab/BODY (1).prefab using Guid(d1122830d137fbf49876525e301a2c87) Importer(815301076,1909f56bfc062723c751e8b465ee728b)  -> (artifact id: '9b3ed412d453d5a6948b573cc1939793') in 0.013298 seconds 
  Import took 0.015780 seconds .

========================================================================
Received Import Request.
  Time since last request: 1.581145 seconds.
  path: Assets/Prefab/BODY (1).prefab
  artifactKey: Guid(d1122830d137fbf49876525e301a2c87) Importer(815301076,1909f56bfc062723c751e8b465ee728b)
Start importing Assets/Prefab/BODY (1).prefab using Guid(d1122830d137fbf49876525e301a2c87) Importer(815301076,1909f56bfc062723c751e8b465ee728b)  -> (artifact id: 'e3b2dafeb5908761a0747158bfe52980') in 0.012279 seconds 
  Import took 0.015008 seconds .

========================================================================
Received Import Request.
  Time since last request: 1.602544 seconds.
  path: Assets/Prefab/BODY (1).prefab
  artifactKey: Guid(d1122830d137fbf49876525e301a2c87) Importer(815301076,1909f56bfc062723c751e8b465ee728b)
Start importing Assets/Prefab/BODY (1).prefab using Guid(d1122830d137fbf49876525e301a2c87) Importer(815301076,1909f56bfc062723c751e8b465ee728b)  -> (artifact id: 'cbc32240cfcb50e3edd1bc18f860307e') in 0.012830 seconds 
  Import took 0.015393 seconds .

========================================================================
Received Import Request.
  Time since last request: 3.217443 seconds.
  path: Assets/Prefab/BODY (1).prefab
  artifactKey: Guid(d1122830d137fbf49876525e301a2c87) Importer(815301076,1909f56bfc062723c751e8b465ee728b)
Start importing Assets/Prefab/BODY (1).prefab using Guid(d1122830d137fbf49876525e301a2c87) Importer(815301076,1909f56bfc062723c751e8b465ee728b)  -> (artifact id: 'c5b337a36911c6b257812230501f56de') in 0.013341 seconds 
  Import took 0.015928 seconds .

========================================================================
Received Import Request.
  Time since last request: 4.220074 seconds.
  path: Assets/Prefab/BODY (1).prefab
  artifactKey: Guid(d1122830d137fbf49876525e301a2c87) Importer(815301076,1909f56bfc062723c751e8b465ee728b)
Start importing Assets/Prefab/BODY (1).prefab using Guid(d1122830d137fbf49876525e301a2c87) Importer(815301076,1909f56bfc062723c751e8b465ee728b)  -> (artifact id: '386b7a89fd2c37af84dff0a6bb1beabd') in 0.013388 seconds 
  Import took 0.016041 seconds .

========================================================================
Received Import Request.
  Time since last request: 2.807023 seconds.
  path: Assets/Prefab/BODY (1).prefab
  artifactKey: Guid(d1122830d137fbf49876525e301a2c87) Importer(815301076,1909f56bfc062723c751e8b465ee728b)
Start importing Assets/Prefab/BODY (1).prefab using Guid(d1122830d137fbf49876525e301a2c87) Importer(815301076,1909f56bfc062723c751e8b465ee728b)  -> (artifact id: '23d4ab6197d6b86624fcd4fe5917ec32') in 0.012563 seconds 
  Import took 0.015293 seconds .

========================================================================
Received Import Request.
  Time since last request: 3.614600 seconds.
  path: Assets/Prefab/BODY (1).prefab
  artifactKey: Guid(d1122830d137fbf49876525e301a2c87) Importer(815301076,1909f56bfc062723c751e8b465ee728b)
Start importing Assets/Prefab/BODY (1).prefab using Guid(d1122830d137fbf49876525e301a2c87) Importer(815301076,1909f56bfc062723c751e8b465ee728b)  -> (artifact id: '11c476530a688809a23084925e94b1d1') in 0.012119 seconds 
  Import took 0.014615 seconds .

========================================================================
Received Import Request.
  Time since last request: 2.815963 seconds.
  path: Assets/Prefab/BODY (1).prefab
  artifactKey: Guid(d1122830d137fbf49876525e301a2c87) Importer(815301076,1909f56bfc062723c751e8b465ee728b)
Start importing Assets/Prefab/BODY (1).prefab using Guid(d1122830d137fbf49876525e301a2c87) Importer(815301076,1909f56bfc062723c751e8b465ee728b)  -> (artifact id: '89b8f8606d7567d8ddcbb0b36f46db4d') in 0.013267 seconds 
  Import took 0.015850 seconds .

========================================================================
Received Import Request.
  Time since last request: 1.840761 seconds.
  path: Assets/Prefab/BODY (1).prefab
  artifactKey: Guid(d1122830d137fbf49876525e301a2c87) Importer(815301076,1909f56bfc062723c751e8b465ee728b)
Start importing Assets/Prefab/BODY (1).prefab using Guid(d1122830d137fbf49876525e301a2c87) Importer(815301076,1909f56bfc062723c751e8b465ee728b)  -> (artifact id: '30b14b1dd2f25fc2d333ac1babc56e8e') in 0.017936 seconds 
  Import took 0.022587 seconds .

========================================================================
Received Import Request.
  Time since last request: 4.692787 seconds.
  path: Assets/Prefab/BODY (1).prefab
  artifactKey: Guid(d1122830d137fbf49876525e301a2c87) Importer(815301076,1909f56bfc062723c751e8b465ee728b)
Start importing Assets/Prefab/BODY (1).prefab using Guid(d1122830d137fbf49876525e301a2c87) Importer(815301076,1909f56bfc062723c751e8b465ee728b)  -> (artifact id: '868cc529abc70d4ca43a29949b669277') in 0.009903 seconds 
  Import took 0.012415 seconds .

========================================================================
Received Import Request.
  Time since last request: 5.100276 seconds.
  path: Assets/Prefab/BODY (1).prefab
  artifactKey: Guid(d1122830d137fbf49876525e301a2c87) Importer(815301076,1909f56bfc062723c751e8b465ee728b)
Start importing Assets/Prefab/BODY (1).prefab using Guid(d1122830d137fbf49876525e301a2c87) Importer(815301076,1909f56bfc062723c751e8b465ee728b)  -> (artifact id: '96b9015ebc7c524a3af66ef728a18a8d') in 0.013529 seconds 
  Import took 0.016449 seconds .

========================================================================
Received Import Request.
  Time since last request: 2.989140 seconds.
  path: Assets/Prefab/BODY (1).prefab
  artifactKey: Guid(d1122830d137fbf49876525e301a2c87) Importer(815301076,1909f56bfc062723c751e8b465ee728b)
Start importing Assets/Prefab/BODY (1).prefab using Guid(d1122830d137fbf49876525e301a2c87) Importer(815301076,1909f56bfc062723c751e8b465ee728b)  -> (artifact id: '75c46d4d0182613a4e326cccec88cb61') in 0.010152 seconds 
  Import took 0.012909 seconds .

========================================================================
Received Import Request.
  Time since last request: 6.876823 seconds.
  path: Assets/Prefab/BODY (1).prefab
  artifactKey: Guid(d1122830d137fbf49876525e301a2c87) Importer(815301076,1909f56bfc062723c751e8b465ee728b)
Start importing Assets/Prefab/BODY (1).prefab using Guid(d1122830d137fbf49876525e301a2c87) Importer(815301076,1909f56bfc062723c751e8b465ee728b)  -> (artifact id: '9aec17dd2ee1c6ff832f4db95f8dcb02') in 0.019383 seconds 
  Import took 0.023345 seconds .

========================================================================
Received Import Request.
  Time since last request: 3.199474 seconds.
  path: Assets/Prefab/BODY (1).prefab
  artifactKey: Guid(d1122830d137fbf49876525e301a2c87) Importer(815301076,1909f56bfc062723c751e8b465ee728b)
Start importing Assets/Prefab/BODY (1).prefab using Guid(d1122830d137fbf49876525e301a2c87) Importer(815301076,1909f56bfc062723c751e8b465ee728b)  -> (artifact id: 'da4d72ad5652914c8910214cc6e21a94') in 0.013191 seconds 
  Import took 0.015818 seconds .

========================================================================
Received Import Request.
  Time since last request: 2.408963 seconds.
  path: Assets/Prefab/BODY (1).prefab
  artifactKey: Guid(d1122830d137fbf49876525e301a2c87) Importer(815301076,1909f56bfc062723c751e8b465ee728b)
Start importing Assets/Prefab/BODY (1).prefab using Guid(d1122830d137fbf49876525e301a2c87) Importer(815301076,1909f56bfc062723c751e8b465ee728b)  -> (artifact id: '562697bc5edf848489dfe429695a5bdf') in 0.013140 seconds 
  Import took 0.015820 seconds .

========================================================================
Received Import Request.
  Time since last request: 7.580055 seconds.
  path: Assets/Prefab/BODY (1).prefab
  artifactKey: Guid(d1122830d137fbf49876525e301a2c87) Importer(815301076,1909f56bfc062723c751e8b465ee728b)
Start importing Assets/Prefab/BODY (1).prefab using Guid(d1122830d137fbf49876525e301a2c87) Importer(815301076,1909f56bfc062723c751e8b465ee728b)  -> (artifact id: '24391bc47afbae293f3d0a7fdb643be7') in 0.009881 seconds 
  Import took 0.013288 seconds .

========================================================================
Received Import Request.
  Time since last request: 1.878632 seconds.
  path: Assets/Prefab/BODY (1).prefab
  artifactKey: Guid(d1122830d137fbf49876525e301a2c87) Importer(815301076,1909f56bfc062723c751e8b465ee728b)
Start importing Assets/Prefab/BODY (1).prefab using Guid(d1122830d137fbf49876525e301a2c87) Importer(815301076,1909f56bfc062723c751e8b465ee728b)  -> (artifact id: '1159d1bb2e1cd62de784ee0ff22ff2cf') in 0.010346 seconds 
  Import took 0.013164 seconds .

========================================================================
Received Import Request.
  Time since last request: 1.423335 seconds.
  path: Assets/Prefab/BODY (1).prefab
  artifactKey: Guid(d1122830d137fbf49876525e301a2c87) Importer(815301076,1909f56bfc062723c751e8b465ee728b)
Start importing Assets/Prefab/BODY (1).prefab using Guid(d1122830d137fbf49876525e301a2c87) Importer(815301076,1909f56bfc062723c751e8b465ee728b)  -> (artifact id: 'e3a112f583eb4e84d1071a9e7ff7cde1') in 0.010943 seconds 
  Import took 0.013886 seconds .

========================================================================
Received Import Request.
  Time since last request: 1.419184 seconds.
  path: Assets/Prefab/BODY (1).prefab
  artifactKey: Guid(d1122830d137fbf49876525e301a2c87) Importer(815301076,1909f56bfc062723c751e8b465ee728b)
Start importing Assets/Prefab/BODY (1).prefab using Guid(d1122830d137fbf49876525e301a2c87) Importer(815301076,1909f56bfc062723c751e8b465ee728b)  -> (artifact id: '4bd14bf69819ff276776a4bde2a51216') in 0.010039 seconds 
  Import took 0.012600 seconds .

========================================================================
Received Import Request.
  Time since last request: 1.649455 seconds.
  path: Assets/Prefab/BODY (1).prefab
  artifactKey: Guid(d1122830d137fbf49876525e301a2c87) Importer(815301076,1909f56bfc062723c751e8b465ee728b)
Start importing Assets/Prefab/BODY (1).prefab using Guid(d1122830d137fbf49876525e301a2c87) Importer(815301076,1909f56bfc062723c751e8b465ee728b)  -> (artifact id: 'e07cb9f7edd81a664b2782dcbd45fb3b') in 0.009541 seconds 
  Import took 0.012385 seconds .

========================================================================
Received Import Request.
  Time since last request: 43.277982 seconds.
  path: Assets/Prefab/BODY (1).prefab
  artifactKey: Guid(d1122830d137fbf49876525e301a2c87) Importer(815301076,1909f56bfc062723c751e8b465ee728b)
Start importing Assets/Prefab/BODY (1).prefab using Guid(d1122830d137fbf49876525e301a2c87) Importer(815301076,1909f56bfc062723c751e8b465ee728b)  -> (artifact id: '6f66e3a574c03e343d926c2d0e087190') in 0.010016 seconds 
  Import took 0.013581 seconds .

========================================================================
Received Prepare
Registering precompiled user dll's ...
Registered in 0.003119 seconds.
Begin MonoManager ReloadAssembly
Native extension for WindowsStandalone target not found
Refreshing native plugins compatible for Editor in 0.57 ms, found 5 plugins.
Preloading 0 native plugins for Editor in 0.00 ms.
Mono: successfully reloaded assembly
- Completed reload, in  1.371 seconds
Domain Reload Profiling:
	ReloadAssembly (1372ms)
		BeginReloadAssembly (91ms)
			ExecutionOrderSort (0ms)
			DisableScriptedObjects (4ms)
			BackupInstance (0ms)
			ReleaseScriptingObjects (0ms)
			CreateAndSetChildDomain (27ms)
		EndReloadAssembly (1224ms)
			LoadAssemblies (86ms)
			RebuildTransferFunctionScriptingTraits (0ms)
			SetupTypeCache (382ms)
			ReleaseScriptCaches (1ms)
			RebuildScriptCaches (66ms)
			SetupLoadedEditorAssemblies (486ms)
				LogAssemblyErrors (0ms)
				InitializePlatformSupportModulesInManaged (8ms)
				SetLoadedEditorAssemblies (1ms)
				RefreshPlugins (1ms)
				BeforeProcessingInitializeOnLoad (134ms)
				ProcessInitializeOnLoadAttributes (325ms)
				ProcessInitializeOnLoadMethodAttributes (7ms)
				AfterProcessingInitializeOnLoad (11ms)
				EditorAssembliesLoaded (0ms)
			ExecutionOrderSort2 (0ms)
			AwakeInstancesAfterBackupRestoration (11ms)
Platform modules already initialized, skipping
Refreshing native plugins compatible for Editor in 0.55 ms, found 5 plugins.
Preloading 0 native plugins for Editor in 0.00 ms.
Unloading 1581 Unused Serialized files (Serialized files now loaded: 0)
System memory in use before: 87.1 MB.
System memory in use after: 87.2 MB.

Unloading 18 unused Assets to reduce memory usage. Loaded Objects now: 2076.
Total: 4.078800 ms (FindLiveObjects: 0.231700 ms CreateObjectMapping: 0.090200 ms MarkObjects: 3.728500 ms  DeleteObjects: 0.026900 ms)

AssetImportParameters requested are different than current active one (requested -> active):
  custom:framework-win-MediaFoundation: 216162199b28c13a410421893ffa2e32 -> 
  custom:video-decoder-ogg-theora: a1e56fd34408186e4bbccfd4996cb3dc -> 
  custom:container-muxer-webm: aa71ff27fc2769a1b78a27578f13a17b -> 
  custom:container-demuxer-webm: 4f35f7cbe854078d1ac9338744f61a02 -> 
  custom:container-demuxer-ogg: 62fdf1f143b41e24485cea50d1cbac27 -> 
  custom:video-encoder-webm-vp8: eb34c28f22e8b96e1ab97ce403110664 -> 
  custom:video-decoder-webm-vp8: 9c59270c3fd7afecdb556c50c9e8de78 -> 
  custom:audio-decoder-ogg-vorbis: bf7c407c2cedff20999df2af8eb42d56 -> 
  custom:audio-encoder-webm-vorbis: bf7c407c2cedff20999df2af8eb42d56 -> 
========================================================================
Received Import Request.
  Time since last request: 100.670394 seconds.
  path: Assets/Prefab/BODY (1).prefab
  artifactKey: Guid(d1122830d137fbf49876525e301a2c87) Importer(815301076,1909f56bfc062723c751e8b465ee728b)
Start importing Assets/Prefab/BODY (1).prefab using Guid(d1122830d137fbf49876525e301a2c87) Importer(815301076,1909f56bfc062723c751e8b465ee728b)  -> (artifact id: 'b62b30924e499e37f96d25bc96238b7e') in 0.087166 seconds 
  Import took 0.091184 seconds .

========================================================================
Received Prepare
Registering precompiled user dll's ...
Registered in 0.005294 seconds.
Begin MonoManager ReloadAssembly
Native extension for WindowsStandalone target not found
Refreshing native plugins compatible for Editor in 0.54 ms, found 5 plugins.
Preloading 0 native plugins for Editor in 0.00 ms.
Mono: successfully reloaded assembly
- Completed reload, in  1.349 seconds
Domain Reload Profiling:
	ReloadAssembly (1350ms)
		BeginReloadAssembly (150ms)
			ExecutionOrderSort (0ms)
			DisableScriptedObjects (8ms)
			BackupInstance (0ms)
			ReleaseScriptingObjects (0ms)
			CreateAndSetChildDomain (44ms)
		EndReloadAssembly (1097ms)
			LoadAssemblies (134ms)
			RebuildTransferFunctionScriptingTraits (0ms)
			SetupTypeCache (420ms)
			ReleaseScriptCaches (1ms)
			RebuildScriptCaches (67ms)
			SetupLoadedEditorAssemblies (321ms)
				LogAssemblyErrors (0ms)
				InitializePlatformSupportModulesInManaged (8ms)
				SetLoadedEditorAssemblies (1ms)
				RefreshPlugins (1ms)
				BeforeProcessingInitializeOnLoad (124ms)
				ProcessInitializeOnLoadAttributes (176ms)
				ProcessInitializeOnLoadMethodAttributes (5ms)
				AfterProcessingInitializeOnLoad (7ms)
				EditorAssembliesLoaded (0ms)
			ExecutionOrderSort2 (0ms)
			AwakeInstancesAfterBackupRestoration (7ms)
Platform modules already initialized, skipping
Refreshing native plugins compatible for Editor in 0.46 ms, found 5 plugins.
Preloading 0 native plugins for Editor in 0.00 ms.
Unloading 1581 Unused Serialized files (Serialized files now loaded: 0)
System memory in use before: 87.1 MB.
System memory in use after: 87.2 MB.

Unloading 18 unused Assets to reduce memory usage. Loaded Objects now: 2079.
Total: 3.883000 ms (FindLiveObjects: 0.181000 ms CreateObjectMapping: 0.049000 ms MarkObjects: 3.600800 ms  DeleteObjects: 0.051300 ms)

AssetImportParameters requested are different than current active one (requested -> active):
  custom:framework-win-MediaFoundation: 216162199b28c13a410421893ffa2e32 -> 
  custom:video-decoder-ogg-theora: a1e56fd34408186e4bbccfd4996cb3dc -> 
  custom:container-muxer-webm: aa71ff27fc2769a1b78a27578f13a17b -> 
  custom:container-demuxer-webm: 4f35f7cbe854078d1ac9338744f61a02 -> 
  custom:container-demuxer-ogg: 62fdf1f143b41e24485cea50d1cbac27 -> 
  custom:video-encoder-webm-vp8: eb34c28f22e8b96e1ab97ce403110664 -> 
  custom:video-decoder-webm-vp8: 9c59270c3fd7afecdb556c50c9e8de78 -> 
  custom:audio-decoder-ogg-vorbis: bf7c407c2cedff20999df2af8eb42d56 -> 
  custom:audio-encoder-webm-vorbis: bf7c407c2cedff20999df2af8eb42d56 -> 
========================================================================
Received Import Request.
  Time since last request: 34.154890 seconds.
  path: Assets/Prefab/BODY (1).prefab
  artifactKey: Guid(d1122830d137fbf49876525e301a2c87) Importer(815301076,1909f56bfc062723c751e8b465ee728b)
Start importing Assets/Prefab/BODY (1).prefab using Guid(d1122830d137fbf49876525e301a2c87) Importer(815301076,1909f56bfc062723c751e8b465ee728b)  -> (artifact id: 'dd93975467d2d667b4525a5415480ca8') in 0.067218 seconds 
  Import took 0.070217 seconds .

========================================================================
Received Import Request.
  Time since last request: 3.616190 seconds.
  path: Assets/Prefab/BODY (1).prefab
  artifactKey: Guid(d1122830d137fbf49876525e301a2c87) Importer(815301076,1909f56bfc062723c751e8b465ee728b)
Start importing Assets/Prefab/BODY (1).prefab using Guid(d1122830d137fbf49876525e301a2c87) Importer(815301076,1909f56bfc062723c751e8b465ee728b)  -> (artifact id: '37e001d80c20e134d7a7922508d160a2') in 0.010949 seconds 
  Import took 0.013629 seconds .

========================================================================
Received Prepare
Registering precompiled user dll's ...
Registered in 0.002937 seconds.
Begin MonoManager ReloadAssembly
Native extension for WindowsStandalone target not found
Refreshing native plugins compatible for Editor in 0.55 ms, found 5 plugins.
Preloading 0 native plugins for Editor in 0.00 ms.
Mono: successfully reloaded assembly
- Completed reload, in  1.406 seconds
Domain Reload Profiling:
	ReloadAssembly (1407ms)
		BeginReloadAssembly (96ms)
			ExecutionOrderSort (0ms)
			DisableScriptedObjects (4ms)
			BackupInstance (0ms)
			ReleaseScriptingObjects (0ms)
			CreateAndSetChildDomain (26ms)
		EndReloadAssembly (1222ms)
			LoadAssemblies (103ms)
			RebuildTransferFunctionScriptingTraits (0ms)
			SetupTypeCache (413ms)
			ReleaseScriptCaches (1ms)
			RebuildScriptCaches (63ms)
			SetupLoadedEditorAssemblies (454ms)
				LogAssemblyErrors (0ms)
				InitializePlatformSupportModulesInManaged (8ms)
				SetLoadedEditorAssemblies (1ms)
				RefreshPlugins (1ms)
				BeforeProcessingInitializeOnLoad (120ms)
				ProcessInitializeOnLoadAttributes (307ms)
				ProcessInitializeOnLoadMethodAttributes (6ms)
				AfterProcessingInitializeOnLoad (11ms)
				EditorAssembliesLoaded (0ms)
			ExecutionOrderSort2 (0ms)
			AwakeInstancesAfterBackupRestoration (11ms)
Platform modules already initialized, skipping
Refreshing native plugins compatible for Editor in 0.34 ms, found 5 plugins.
Preloading 0 native plugins for Editor in 0.00 ms.
Unloading 1581 Unused Serialized files (Serialized files now loaded: 0)
System memory in use before: 87.1 MB.
System memory in use after: 87.2 MB.

Unloading 18 unused Assets to reduce memory usage. Loaded Objects now: 2082.
Total: 2.572400 ms (FindLiveObjects: 0.156800 ms CreateObjectMapping: 0.056100 ms MarkObjects: 2.323200 ms  DeleteObjects: 0.014700 ms)

AssetImportParameters requested are different than current active one (requested -> active):
  custom:framework-win-MediaFoundation: 216162199b28c13a410421893ffa2e32 -> 
  custom:video-decoder-ogg-theora: a1e56fd34408186e4bbccfd4996cb3dc -> 
  custom:container-muxer-webm: aa71ff27fc2769a1b78a27578f13a17b -> 
  custom:container-demuxer-webm: 4f35f7cbe854078d1ac9338744f61a02 -> 
  custom:container-demuxer-ogg: 62fdf1f143b41e24485cea50d1cbac27 -> 
  custom:video-encoder-webm-vp8: eb34c28f22e8b96e1ab97ce403110664 -> 
  custom:video-decoder-webm-vp8: 9c59270c3fd7afecdb556c50c9e8de78 -> 
  custom:audio-decoder-ogg-vorbis: bf7c407c2cedff20999df2af8eb42d56 -> 
  custom:audio-encoder-webm-vorbis: bf7c407c2cedff20999df2af8eb42d56 -> 
AssetImportWorkerClient::OnTransportError - code=2 error=End of file
